---------------------------------------------------------------
[ 2018-06-10T20:36:44+08:00 ] 0.0.0.0 GET /thinkcmf/public/
[ info ] localhost/thinkcmf/public/ [运行时间：0.605866s][吞吐率：1.65req/s] [内存消耗：3,453.84kb] [文件加载：77]
[ info ] [ CACHE ] INIT File
[ info ] [ BEHAVIOR ] Run cmf\behavior\InitHookBehavior @app_init [ RunTime:0.003675s ]
[ info ] [ LANG ] /Applications/XAMPP/xamppfiles/htdocs/thinkcmf/simplewind/thinkphp/lang/zh-cn.php
[ info ] [ ROUTE ] array (
  'type' => 'module',
  'module' => 
  array (
    0 => '',
    1 => NULL,
    2 => NULL,
  ),
)
[ info ] [ HEADER ] array (
  'host' => 'localhost',
  'connection' => 'keep-alive',
  'upgrade-insecure-requests' => '1',
  'user-agent' => 'Mozilla/5.0 (Macintosh; Intel Mac OS X 10_13_3) AppleWebKit/537.36 (KHTML, like Gecko) Chrome/66.0.3359.139 Safari/537.36',
  'accept' => 'text/html,application/xhtml+xml,application/xml;q=0.9,image/webp,image/apng,*/*;q=0.8',
  'accept-encoding' => 'gzip, deflate, br',
  'accept-language' => 'zh-CN,zh;q=0.9,en;q=0.8',
  'cookie' => 'thinkphp_show_page_trace=0|0; pgv_pvi=2167111680; Phpstorm-8ce21e47=9c3c49c4-2858-4403-a419-407b5ad57a5f; Webstorm-82b282eb=cc7d2826-e9e1-4b4e-84a4-f75a24ed5591; PHPSESSID=or339b1k9tttbk757ubp1ug1s3; pgv_si=s3718355968; key=4ebf1fe54b8f2d83f3646b875efd41a7; email=1079010102%40qq.com; Hm_lvt_f8d0a8c400404989e195270b0bbf060a=1524208149; Hm_lpvt_f8d0a8c400404989e195270b0bbf060a=1524563237; Hm_lvt_39dcd5bd05965dcfa70b1d2457c6dcae=1527662061; admin_username=admin2356; Hm_lpvt_39dcd5bd05965dcfa70b1d2457c6dcae=1528633201',
)
[ info ] [ PARAM ] array (
)
[ info ] [ LANG ] /Applications/XAMPP/xamppfiles/htdocs/thinkcmf/public/../simplewind/cmf/lang/zh-cn.php
[ info ] [ LANG ] /Applications/XAMPP/xamppfiles/htdocs/thinkcmf/public/../app/admin/lang/zh-cn/common.php
[ info ] [ LANG ] /Applications/XAMPP/xamppfiles/htdocs/thinkcmf/public/../app/portal/lang/zh-cn/common.php
[ info ] [ BEHAVIOR ] Run cmf\behavior\LangBehavior @app_begin [ RunTime:0.001808s ]
[ info ] [ LANG ] /Applications/XAMPP/xamppfiles/htdocs/thinkcmf/public/../app/admin/lang/zh-cn.php
[ info ] [ DB ] INIT mysql
[ info ] [ SESSION ] INIT array (
  'id' => '',
  'var_session_id' => '',
  'prefix' => 'think',
  'type' => '',
  'auto_start' => true,
)
[ info ] [ LANG ] /Applications/XAMPP/xamppfiles/htdocs/thinkcmf/public/../app/admin/lang/zh-cn/admin_menu.php
[ info ] [ LANG ] /Applications/XAMPP/xamppfiles/htdocs/thinkcmf/public/../app/admin/lang/zh-cn/admin.php
[ info ] [ LANG ] /Applications/XAMPP/xamppfiles/htdocs/thinkcmf/public/../app/user/lang/zh-cn/admin_menu.php
[ info ] [ LANG ] /Applications/XAMPP/xamppfiles/htdocs/thinkcmf/public/../data/lang/zh-cn/admin_menu.php
[ info ] [ BEHAVIOR ] Run cmf\behavior\AdminLangBehavior @admin_init [ RunTime:0.002467s ]
[ info ] [ RUN ] app\admin\controller\IndexController->index[ /Applications/XAMPP/xamppfiles/htdocs/thinkcmf/app/admin/controller/IndexController.php ]
[ info ] [ VIEW ] themes/admin_simpleboot3/admin/index/index.html [ array (
  0 => 'admin',
  1 => 'menus',
) ]
[ info ] [ LOG ] INIT File
[ sql ] [ DB ] CONNECT:[ UseTime:0.094068s ] mysql:host=180.76.53.221;port=3306;dbname=xlcount-view;charset=utf8
[ sql ] [ SQL ] SHOW COLUMNS FROM `xlv_option` [ RunTime:0.067674s ]
[ sql ] [ SQL ] SELECT `option_value` FROM `xlv_option` WHERE  `option_name` = 'cdn_settings' LIMIT 1 [ RunTime:0.063665s ]
[ sql ] [ SQL ] SELECT `option_value` FROM `xlv_option` WHERE  `option_name` = 'admin_settings' LIMIT 1 [ RunTime:0.059853s ]
[ sql ] [ SQL ] SHOW COLUMNS FROM `xlv_user` [ RunTime:0.061152s ]
[ sql ] [ SQL ] SELECT * FROM `xlv_user` WHERE  `id` = 1 LIMIT 1 [ RunTime:0.068886s ]
[ sql ] [ SQL ] SELECT `option_value` FROM `xlv_option` WHERE  `option_name` = 'admin_settings' LIMIT 1 [ RunTime:0.061476s ]
[ sql ] [ SQL ] SELECT `option_value` FROM `xlv_option` WHERE  `option_name` = 'admin_settings' LIMIT 1 [ RunTime:0.059485s ]
---------------------------------------------------------------
[ 2018-06-10T20:36:49+08:00 ] 0.0.0.0 GET /thinkcmf/public/admin/main/index.html
[ info ] localhost/thinkcmf/public/admin/main/index.html [运行时间：4.261352s][吞吐率：0.23req/s] [内存消耗：3,051.45kb] [文件加载：74]
[ info ] [ CACHE ] INIT File
[ info ] [ BEHAVIOR ] Run cmf\behavior\InitHookBehavior @app_init [ RunTime:0.003424s ]
[ info ] [ LANG ] /Applications/XAMPP/xamppfiles/htdocs/thinkcmf/simplewind/thinkphp/lang/zh-cn.php
[ info ] [ ROUTE ] array (
  'type' => 'module',
  'module' => 
  array (
    0 => 'admin',
    1 => 'main',
    2 => 'index',
  ),
)
[ info ] [ HEADER ] array (
  'host' => 'localhost',
  'connection' => 'keep-alive',
  'upgrade-insecure-requests' => '1',
  'user-agent' => 'Mozilla/5.0 (Macintosh; Intel Mac OS X 10_13_3) AppleWebKit/537.36 (KHTML, like Gecko) Chrome/66.0.3359.139 Safari/537.36',
  'accept' => 'text/html,application/xhtml+xml,application/xml;q=0.9,image/webp,image/apng,*/*;q=0.8',
  'referer' => 'http://localhost/thinkcmf/public/',
  'accept-encoding' => 'gzip, deflate, br',
  'accept-language' => 'zh-CN,zh;q=0.9,en;q=0.8',
  'cookie' => 'thinkphp_show_page_trace=0|0; thinkphp_show_page_trace=0|0; pgv_pvi=2167111680; Phpstorm-8ce21e47=9c3c49c4-2858-4403-a419-407b5ad57a5f; Webstorm-82b282eb=cc7d2826-e9e1-4b4e-84a4-f75a24ed5591; PHPSESSID=or339b1k9tttbk757ubp1ug1s3; pgv_si=s3718355968; key=4ebf1fe54b8f2d83f3646b875efd41a7; email=1079010102%40qq.com; Hm_lvt_f8d0a8c400404989e195270b0bbf060a=1524208149; Hm_lpvt_f8d0a8c400404989e195270b0bbf060a=1524563237; Hm_lvt_39dcd5bd05965dcfa70b1d2457c6dcae=1527662061; admin_username=admin2356; Hm_lpvt_39dcd5bd05965dcfa70b1d2457c6dcae=1528633201',
)
[ info ] [ PARAM ] array (
)
[ info ] [ LANG ] /Applications/XAMPP/xamppfiles/htdocs/thinkcmf/public/../simplewind/cmf/lang/zh-cn.php
[ info ] [ LANG ] /Applications/XAMPP/xamppfiles/htdocs/thinkcmf/public/../app/admin/lang/zh-cn/common.php
[ info ] [ LANG ] /Applications/XAMPP/xamppfiles/htdocs/thinkcmf/public/../app/portal/lang/zh-cn/common.php
[ info ] [ BEHAVIOR ] Run cmf\behavior\LangBehavior @app_begin [ RunTime:0.000961s ]
[ info ] [ LANG ] /Applications/XAMPP/xamppfiles/htdocs/thinkcmf/public/../app/admin/lang/zh-cn.php
[ info ] [ DB ] INIT mysql
[ info ] [ LANG ] /Applications/XAMPP/xamppfiles/htdocs/thinkcmf/public/../app/admin/lang/zh-cn/admin_menu.php
[ info ] [ LANG ] /Applications/XAMPP/xamppfiles/htdocs/thinkcmf/public/../app/admin/lang/zh-cn/admin.php
[ info ] [ LANG ] /Applications/XAMPP/xamppfiles/htdocs/thinkcmf/public/../app/user/lang/zh-cn/admin_menu.php
[ info ] [ LANG ] /Applications/XAMPP/xamppfiles/htdocs/thinkcmf/public/../data/lang/zh-cn/admin_menu.php
[ info ] [ BEHAVIOR ] Run cmf\behavior\AdminLangBehavior @admin_init [ RunTime:0.002433s ]
[ info ] [ SESSION ] INIT array (
  'id' => '',
  'var_session_id' => '',
  'prefix' => 'think',
  'type' => '',
  'auto_start' => true,
)
[ info ] [ RUN ] app\admin\controller\MainController->index[ /Applications/XAMPP/xamppfiles/htdocs/thinkcmf/app/admin/controller/MainController.php ]
[ info ] [ VIEW ] themes/admin_simpleboot3/admin/main/index.html [ array (
  0 => 'admin',
  1 => 'dashboard_widgets',
  2 => 'dashboard_widget_plugins',
  3 => 'has_smtp_setting',
) ]
[ info ] [ LOG ] INIT File
[ sql ] [ DB ] CONNECT:[ UseTime:0.495159s ] mysql:host=180.76.53.221;port=3306;dbname=xlcount-view;charset=utf8
[ sql ] [ SQL ] SHOW COLUMNS FROM `xlv_option` [ RunTime:1.717689s ]
[ sql ] [ SQL ] SELECT `option_value` FROM `xlv_option` WHERE  `option_name` = 'cdn_settings' LIMIT 1 [ RunTime:1.464300s ]
[ sql ] [ SQL ] SHOW COLUMNS FROM `xlv_user` [ RunTime:0.341904s ]
[ sql ] [ SQL ] SELECT * FROM `xlv_user` WHERE  `id` = 1 LIMIT 1 [ RunTime:0.060757s ]
[ sql ] [ SQL ] SELECT `option_value` FROM `xlv_option` WHERE  `option_name` = 'admin_dashboard_widgets' LIMIT 1 [ RunTime:0.060022s ]
[ sql ] [ SQL ] SELECT `option_value` FROM `xlv_option` WHERE  `option_name` = 'smtp_setting' LIMIT 1 [ RunTime:0.061239s ]
---------------------------------------------------------------
[ 2018-06-10T20:36:50+08:00 ] 0.0.0.0 GET /thinkcmf/public/data/data/remain.html
[ info ] localhost/thinkcmf/public/data/data/remain.html [运行时间：0.756258s][吞吐率：1.32req/s] [内存消耗：3,469.17kb] [文件加载：78]
[ info ] [ CACHE ] INIT File
[ info ] [ BEHAVIOR ] Run cmf\behavior\InitHookBehavior @app_init [ RunTime:0.002356s ]
[ info ] [ LANG ] /Applications/XAMPP/xamppfiles/htdocs/thinkcmf/simplewind/thinkphp/lang/zh-cn.php
[ info ] [ ROUTE ] array (
  'type' => 'module',
  'module' => 
  array (
    0 => 'data',
    1 => 'data',
    2 => 'remain',
  ),
)
[ info ] [ HEADER ] array (
  'host' => 'localhost',
  'connection' => 'keep-alive',
  'upgrade-insecure-requests' => '1',
  'user-agent' => 'Mozilla/5.0 (Macintosh; Intel Mac OS X 10_13_3) AppleWebKit/537.36 (KHTML, like Gecko) Chrome/66.0.3359.139 Safari/537.36',
  'accept' => 'text/html,application/xhtml+xml,application/xml;q=0.9,image/webp,image/apng,*/*;q=0.8',
  'referer' => 'http://localhost/thinkcmf/public/',
  'accept-encoding' => 'gzip, deflate, br',
  'accept-language' => 'zh-CN,zh;q=0.9,en;q=0.8',
  'cookie' => 'thinkphp_show_page_trace=0|0; refersh_time=0; thinkphp_show_page_trace=0|0; pgv_pvi=2167111680; Phpstorm-8ce21e47=9c3c49c4-2858-4403-a419-407b5ad57a5f; Webstorm-82b282eb=cc7d2826-e9e1-4b4e-84a4-f75a24ed5591; PHPSESSID=or339b1k9tttbk757ubp1ug1s3; pgv_si=s3718355968; key=4ebf1fe54b8f2d83f3646b875efd41a7; email=1079010102%40qq.com; Hm_lvt_f8d0a8c400404989e195270b0bbf060a=1524208149; Hm_lpvt_f8d0a8c400404989e195270b0bbf060a=1524563237; Hm_lvt_39dcd5bd05965dcfa70b1d2457c6dcae=1527662061; admin_username=admin2356; Hm_lpvt_39dcd5bd05965dcfa70b1d2457c6dcae=1528634206',
)
[ info ] [ PARAM ] array (
)
[ info ] [ LANG ] /Applications/XAMPP/xamppfiles/htdocs/thinkcmf/public/../simplewind/cmf/lang/zh-cn.php
[ info ] [ LANG ] /Applications/XAMPP/xamppfiles/htdocs/thinkcmf/public/../app/admin/lang/zh-cn/common.php
[ info ] [ LANG ] /Applications/XAMPP/xamppfiles/htdocs/thinkcmf/public/../app/portal/lang/zh-cn/common.php
[ info ] [ BEHAVIOR ] Run cmf\behavior\LangBehavior @app_begin [ RunTime:0.001566s ]
[ info ] [ DB ] INIT mysql
[ info ] [ LANG ] /Applications/XAMPP/xamppfiles/htdocs/thinkcmf/public/../app/admin/lang/zh-cn/admin_menu.php
[ info ] [ LANG ] /Applications/XAMPP/xamppfiles/htdocs/thinkcmf/public/../app/admin/lang/zh-cn/admin.php
[ info ] [ LANG ] /Applications/XAMPP/xamppfiles/htdocs/thinkcmf/public/../app/user/lang/zh-cn/admin_menu.php
[ info ] [ LANG ] /Applications/XAMPP/xamppfiles/htdocs/thinkcmf/public/../data/lang/zh-cn/admin_menu.php
[ info ] [ BEHAVIOR ] Run cmf\behavior\AdminLangBehavior @admin_init [ RunTime:0.001025s ]
[ info ] [ SESSION ] INIT array (
  'id' => '',
  'var_session_id' => '',
  'prefix' => 'think',
  'type' => '',
  'auto_start' => true,
)
[ info ] [ RUN ] app\data\controller\DataController->remain[ /Applications/XAMPP/xamppfiles/htdocs/thinkcmf/app/data/controller/DataController.php ]
[ info ] [ DB ] INIT mysql
[ info ] [ VIEW ] themes/admin_simpleboot3/data/data/remain.html [ array (
  0 => 'admin',
  1 => 'data',
) ]
[ info ] [ LOG ] INIT File
[ sql ] [ DB ] CONNECT:[ UseTime:0.099876s ] mysql:host=180.76.53.221;port=3306;dbname=xlcount-view;charset=utf8
[ sql ] [ SQL ] SHOW COLUMNS FROM `xlv_option` [ RunTime:0.067728s ]
[ sql ] [ SQL ] SELECT `option_value` FROM `xlv_option` WHERE  `option_name` = 'cdn_settings' LIMIT 1 [ RunTime:0.071523s ]
[ sql ] [ SQL ] SHOW COLUMNS FROM `xlv_user` [ RunTime:0.067965s ]
[ sql ] [ SQL ] SELECT * FROM `xlv_user` WHERE  `id` = 1 LIMIT 1 [ RunTime:0.065585s ]
[ sql ] [ SQL ] SELECT `option_value` FROM `xlv_option` WHERE  `option_name` = 'admin_settings' LIMIT 1 [ RunTime:0.066594s ]
---------------------------------------------------------------
[ 2018-06-10T20:36:52+08:00 ] 0.0.0.0 GET /thinkcmf/public/data/data/base.html
[ info ] localhost/thinkcmf/public/data/data/base.html [运行时间：0.752097s][吞吐率：1.33req/s] [内存消耗：3,513.32kb] [文件加载：80]
[ info ] [ CACHE ] INIT File
[ info ] [ BEHAVIOR ] Run cmf\behavior\InitHookBehavior @app_init [ RunTime:0.001579s ]
[ info ] [ LANG ] /Applications/XAMPP/xamppfiles/htdocs/thinkcmf/simplewind/thinkphp/lang/zh-cn.php
[ info ] [ ROUTE ] array (
  'type' => 'module',
  'module' => 
  array (
    0 => 'data',
    1 => 'data',
    2 => 'base',
  ),
)
[ info ] [ HEADER ] array (
  'host' => 'localhost',
  'connection' => 'keep-alive',
  'upgrade-insecure-requests' => '1',
  'user-agent' => 'Mozilla/5.0 (Macintosh; Intel Mac OS X 10_13_3) AppleWebKit/537.36 (KHTML, like Gecko) Chrome/66.0.3359.139 Safari/537.36',
  'accept' => 'text/html,application/xhtml+xml,application/xml;q=0.9,image/webp,image/apng,*/*;q=0.8',
  'referer' => 'http://localhost/thinkcmf/public/',
  'accept-encoding' => 'gzip, deflate, br',
  'accept-language' => 'zh-CN,zh;q=0.9,en;q=0.8',
  'cookie' => 'thinkphp_show_page_trace=0|0; refersh_time=0; thinkphp_show_page_trace=0|0; pgv_pvi=2167111680; Phpstorm-8ce21e47=9c3c49c4-2858-4403-a419-407b5ad57a5f; Webstorm-82b282eb=cc7d2826-e9e1-4b4e-84a4-f75a24ed5591; PHPSESSID=or339b1k9tttbk757ubp1ug1s3; pgv_si=s3718355968; key=4ebf1fe54b8f2d83f3646b875efd41a7; email=1079010102%40qq.com; Hm_lvt_f8d0a8c400404989e195270b0bbf060a=1524208149; Hm_lpvt_f8d0a8c400404989e195270b0bbf060a=1524563237; Hm_lvt_39dcd5bd05965dcfa70b1d2457c6dcae=1527662061; admin_username=admin2356; Hm_lpvt_39dcd5bd05965dcfa70b1d2457c6dcae=1528634206',
)
[ info ] [ PARAM ] array (
)
[ info ] [ LANG ] /Applications/XAMPP/xamppfiles/htdocs/thinkcmf/public/../simplewind/cmf/lang/zh-cn.php
[ info ] [ LANG ] /Applications/XAMPP/xamppfiles/htdocs/thinkcmf/public/../app/admin/lang/zh-cn/common.php
[ info ] [ LANG ] /Applications/XAMPP/xamppfiles/htdocs/thinkcmf/public/../app/portal/lang/zh-cn/common.php
[ info ] [ BEHAVIOR ] Run cmf\behavior\LangBehavior @app_begin [ RunTime:0.000626s ]
[ info ] [ DB ] INIT mysql
[ info ] [ LANG ] /Applications/XAMPP/xamppfiles/htdocs/thinkcmf/public/../app/admin/lang/zh-cn/admin_menu.php
[ info ] [ LANG ] /Applications/XAMPP/xamppfiles/htdocs/thinkcmf/public/../app/admin/lang/zh-cn/admin.php
[ info ] [ LANG ] /Applications/XAMPP/xamppfiles/htdocs/thinkcmf/public/../app/user/lang/zh-cn/admin_menu.php
[ info ] [ LANG ] /Applications/XAMPP/xamppfiles/htdocs/thinkcmf/public/../data/lang/zh-cn/admin_menu.php
[ info ] [ BEHAVIOR ] Run cmf\behavior\AdminLangBehavior @admin_init [ RunTime:0.001118s ]
[ info ] [ SESSION ] INIT array (
  'id' => '',
  'var_session_id' => '',
  'prefix' => 'think',
  'type' => '',
  'auto_start' => true,
)
[ info ] [ RUN ] app\data\controller\DataController->base[ /Applications/XAMPP/xamppfiles/htdocs/thinkcmf/app/data/controller/DataController.php ]
[ info ] [ DB ] INIT mysql
[ info ] [ VIEW ] themes/admin_simpleboot3/data/data/base.html [ array (
  0 => 'admin',
  1 => 'data',
  2 => 'page',
) ]
[ info ] [ LOG ] INIT File
[ sql ] [ DB ] CONNECT:[ UseTime:0.099270s ] mysql:host=180.76.53.221;port=3306;dbname=xlcount-view;charset=utf8
[ sql ] [ SQL ] SHOW COLUMNS FROM `xlv_option` [ RunTime:0.060799s ]
[ sql ] [ SQL ] SELECT `option_value` FROM `xlv_option` WHERE  `option_name` = 'cdn_settings' LIMIT 1 [ RunTime:0.061954s ]
[ sql ] [ SQL ] SHOW COLUMNS FROM `xlv_user` [ RunTime:0.061779s ]
[ sql ] [ SQL ] SELECT * FROM `xlv_user` WHERE  `id` = 1 LIMIT 1 [ RunTime:0.067671s ]
[ sql ] [ SQL ] SELECT `option_value` FROM `xlv_option` WHERE  `option_name` = 'admin_settings' LIMIT 1 [ RunTime:0.059867s ]
---------------------------------------------------------------
[ 2018-06-10T20:36:59+08:00 ] 0.0.0.0 GET /thinkcmf/public/data/data/remain.html
[ info ] localhost/thinkcmf/public/data/data/remain.html [运行时间：2.269763s][吞吐率：0.44req/s] [内存消耗：3,469.17kb] [文件加载：78]
[ info ] [ CACHE ] INIT File
[ info ] [ BEHAVIOR ] Run cmf\behavior\InitHookBehavior @app_init [ RunTime:0.001534s ]
[ info ] [ LANG ] /Applications/XAMPP/xamppfiles/htdocs/thinkcmf/simplewind/thinkphp/lang/zh-cn.php
[ info ] [ ROUTE ] array (
  'type' => 'module',
  'module' => 
  array (
    0 => 'data',
    1 => 'data',
    2 => 'remain',
  ),
)
[ info ] [ HEADER ] array (
  'host' => 'localhost',
  'connection' => 'keep-alive',
  'upgrade-insecure-requests' => '1',
  'user-agent' => 'Mozilla/5.0 (Macintosh; Intel Mac OS X 10_13_3) AppleWebKit/537.36 (KHTML, like Gecko) Chrome/66.0.3359.139 Safari/537.36',
  'accept' => 'text/html,application/xhtml+xml,application/xml;q=0.9,image/webp,image/apng,*/*;q=0.8',
  'referer' => 'http://localhost/thinkcmf/public/',
  'accept-encoding' => 'gzip, deflate, br',
  'accept-language' => 'zh-CN,zh;q=0.9,en;q=0.8',
  'cookie' => 'thinkphp_show_page_trace=0|0; refersh_time=0; thinkphp_show_page_trace=0|0; pgv_pvi=2167111680; Phpstorm-8ce21e47=9c3c49c4-2858-4403-a419-407b5ad57a5f; Webstorm-82b282eb=cc7d2826-e9e1-4b4e-84a4-f75a24ed5591; PHPSESSID=or339b1k9tttbk757ubp1ug1s3; pgv_si=s3718355968; key=4ebf1fe54b8f2d83f3646b875efd41a7; email=1079010102%40qq.com; Hm_lvt_f8d0a8c400404989e195270b0bbf060a=1524208149; Hm_lpvt_f8d0a8c400404989e195270b0bbf060a=1524563237; Hm_lvt_39dcd5bd05965dcfa70b1d2457c6dcae=1527662061; admin_username=admin2356; Hm_lpvt_39dcd5bd05965dcfa70b1d2457c6dcae=1528634206',
)
[ info ] [ PARAM ] array (
)
[ info ] [ LANG ] /Applications/XAMPP/xamppfiles/htdocs/thinkcmf/public/../simplewind/cmf/lang/zh-cn.php
[ info ] [ LANG ] /Applications/XAMPP/xamppfiles/htdocs/thinkcmf/public/../app/admin/lang/zh-cn/common.php
[ info ] [ LANG ] /Applications/XAMPP/xamppfiles/htdocs/thinkcmf/public/../app/portal/lang/zh-cn/common.php
[ info ] [ BEHAVIOR ] Run cmf\behavior\LangBehavior @app_begin [ RunTime:0.000773s ]
[ info ] [ DB ] INIT mysql
[ info ] [ LANG ] /Applications/XAMPP/xamppfiles/htdocs/thinkcmf/public/../app/admin/lang/zh-cn/admin_menu.php
[ info ] [ LANG ] /Applications/XAMPP/xamppfiles/htdocs/thinkcmf/public/../app/admin/lang/zh-cn/admin.php
[ info ] [ LANG ] /Applications/XAMPP/xamppfiles/htdocs/thinkcmf/public/../app/user/lang/zh-cn/admin_menu.php
[ info ] [ LANG ] /Applications/XAMPP/xamppfiles/htdocs/thinkcmf/public/../data/lang/zh-cn/admin_menu.php
[ info ] [ BEHAVIOR ] Run cmf\behavior\AdminLangBehavior @admin_init [ RunTime:0.001778s ]
[ info ] [ SESSION ] INIT array (
  'id' => '',
  'var_session_id' => '',
  'prefix' => 'think',
  'type' => '',
  'auto_start' => true,
)
[ info ] [ RUN ] app\data\controller\DataController->remain[ /Applications/XAMPP/xamppfiles/htdocs/thinkcmf/app/data/controller/DataController.php ]
[ info ] [ DB ] INIT mysql
[ info ] [ VIEW ] themes/admin_simpleboot3/data/data/remain.html [ array (
  0 => 'admin',
  1 => 'data',
) ]
[ info ] [ LOG ] INIT File
[ sql ] [ DB ] CONNECT:[ UseTime:1.688102s ] mysql:host=180.76.53.221;port=3306;dbname=xlcount-view;charset=utf8
[ sql ] [ SQL ] SHOW COLUMNS FROM `xlv_option` [ RunTime:0.072703s ]
[ sql ] [ SQL ] SELECT `option_value` FROM `xlv_option` WHERE  `option_name` = 'cdn_settings' LIMIT 1 [ RunTime:0.067306s ]
[ sql ] [ SQL ] SHOW COLUMNS FROM `xlv_user` [ RunTime:0.058909s ]
[ sql ] [ SQL ] SELECT * FROM `xlv_user` WHERE  `id` = 1 LIMIT 1 [ RunTime:0.059214s ]
[ sql ] [ SQL ] SELECT `option_value` FROM `xlv_option` WHERE  `option_name` = 'admin_settings' LIMIT 1 [ RunTime:0.057890s ]
