---------------------------------------------------------------
[ 2018-06-26T10:26:01+08:00 ] 0.0.0.0 GET /thinkcmf/public/
[ info ] localhost/thinkcmf/public/ [运行时间：0.720011s][吞吐率：1.39req/s] [内存消耗：3,431.59kb] [文件加载：77]
[ info ] [ CACHE ] INIT File
[ info ] [ BEHAVIOR ] Run cmf\behavior\InitHookBehavior @app_init [ RunTime:0.004908s ]
[ info ] [ LANG ] /Applications/XAMPP/xamppfiles/htdocs/thinkcmf/simplewind/thinkphp/lang/zh-cn.php
[ info ] [ ROUTE ] array (
  'type' => 'module',
  'module' => 
  array (
    0 => '',
    1 => NULL,
    2 => NULL,
  ),
)
[ info ] [ HEADER ] array (
  'host' => 'localhost',
  'connection' => 'keep-alive',
  'upgrade-insecure-requests' => '1',
  'user-agent' => 'Mozilla/5.0 (Macintosh; Intel Mac OS X 10_13_3) AppleWebKit/537.36 (KHTML, like Gecko) Chrome/67.0.3396.87 Safari/537.36',
  'accept' => 'text/html,application/xhtml+xml,application/xml;q=0.9,image/webp,image/apng,*/*;q=0.8',
  'accept-encoding' => 'gzip, deflate, br',
  'accept-language' => 'zh-CN,zh;q=0.9,en;q=0.8',
  'cookie' => 'thinkphp_show_page_trace=0|0; pgv_pvi=2167111680; Phpstorm-8ce21e47=9c3c49c4-2858-4403-a419-407b5ad57a5f; Webstorm-82b282eb=cc7d2826-e9e1-4b4e-84a4-f75a24ed5591; Hm_lvt_f8d0a8c400404989e195270b0bbf060a=1524208149; admin_username=admin2356; PHPSESSID=2kas9vr9seabet9786lp432gd1; Hm_lvt_39dcd5bd05965dcfa70b1d2457c6dcae=1527662061,1529912498; Hm_lpvt_39dcd5bd05965dcfa70b1d2457c6dcae=1529979951',
)
[ info ] [ PARAM ] array (
)
[ info ] [ LANG ] /Applications/XAMPP/xamppfiles/htdocs/thinkcmf/public/../simplewind/cmf/lang/zh-cn.php
[ info ] [ LANG ] /Applications/XAMPP/xamppfiles/htdocs/thinkcmf/public/../app/admin/lang/zh-cn/common.php
[ info ] [ LANG ] /Applications/XAMPP/xamppfiles/htdocs/thinkcmf/public/../app/portal/lang/zh-cn/common.php
[ info ] [ BEHAVIOR ] Run cmf\behavior\LangBehavior @app_begin [ RunTime:0.002562s ]
[ info ] [ LANG ] /Applications/XAMPP/xamppfiles/htdocs/thinkcmf/public/../app/admin/lang/zh-cn.php
[ info ] [ DB ] INIT mysql
[ info ] [ SESSION ] INIT array (
  'id' => '',
  'var_session_id' => '',
  'prefix' => 'think',
  'type' => '',
  'auto_start' => true,
)
[ info ] [ LANG ] /Applications/XAMPP/xamppfiles/htdocs/thinkcmf/public/../app/admin/lang/zh-cn/admin_menu.php
[ info ] [ LANG ] /Applications/XAMPP/xamppfiles/htdocs/thinkcmf/public/../app/admin/lang/zh-cn/admin.php
[ info ] [ LANG ] /Applications/XAMPP/xamppfiles/htdocs/thinkcmf/public/../app/user/lang/zh-cn/admin_menu.php
[ info ] [ LANG ] /Applications/XAMPP/xamppfiles/htdocs/thinkcmf/public/../data/lang/zh-cn/admin_menu.php
[ info ] [ BEHAVIOR ] Run cmf\behavior\AdminLangBehavior @admin_init [ RunTime:0.003616s ]
[ info ] [ RUN ] app\admin\controller\IndexController->index[ /Applications/XAMPP/xamppfiles/htdocs/thinkcmf/app/admin/controller/IndexController.php ]
[ info ] [ VIEW ] themes/admin_simpleboot3/admin/index/index.html [ array (
  0 => 'admin',
  1 => 'menus',
) ]
[ info ] [ LOG ] INIT File
[ sql ] [ DB ] CONNECT:[ UseTime:0.145850s ] mysql:host=180.76.53.221;port=3306;dbname=xlcount-view;charset=utf8
[ sql ] [ SQL ] SHOW COLUMNS FROM `xlv_option` [ RunTime:0.076873s ]
[ sql ] [ SQL ] SELECT `option_value` FROM `xlv_option` WHERE  `option_name` = 'cdn_settings' LIMIT 1 [ RunTime:0.069669s ]
[ sql ] [ SQL ] SELECT `option_value` FROM `xlv_option` WHERE  `option_name` = 'admin_settings' LIMIT 1 [ RunTime:0.064797s ]
[ sql ] [ SQL ] SHOW COLUMNS FROM `xlv_user` [ RunTime:0.069641s ]
[ sql ] [ SQL ] SELECT * FROM `xlv_user` WHERE  `id` = 1 LIMIT 1 [ RunTime:0.064562s ]
[ sql ] [ SQL ] SELECT `option_value` FROM `xlv_option` WHERE  `option_name` = 'admin_settings' LIMIT 1 [ RunTime:0.071498s ]
[ sql ] [ SQL ] SELECT `option_value` FROM `xlv_option` WHERE  `option_name` = 'admin_settings' LIMIT 1 [ RunTime:0.064937s ]
---------------------------------------------------------------
[ 2018-06-26T10:26:02+08:00 ] 0.0.0.0 GET /thinkcmf/public/admin/main/index.html
[ info ] localhost/thinkcmf/public/admin/main/index.html [运行时间：0.524038s][吞吐率：1.91req/s] [内存消耗：3,054.05kb] [文件加载：74]
[ info ] [ CACHE ] INIT File
[ info ] [ BEHAVIOR ] Run cmf\behavior\InitHookBehavior @app_init [ RunTime:0.002184s ]
[ info ] [ LANG ] /Applications/XAMPP/xamppfiles/htdocs/thinkcmf/simplewind/thinkphp/lang/zh-cn.php
[ info ] [ ROUTE ] array (
  'type' => 'module',
  'module' => 
  array (
    0 => 'admin',
    1 => 'main',
    2 => 'index',
  ),
)
[ info ] [ HEADER ] array (
  'host' => 'localhost',
  'connection' => 'keep-alive',
  'upgrade-insecure-requests' => '1',
  'user-agent' => 'Mozilla/5.0 (Macintosh; Intel Mac OS X 10_13_3) AppleWebKit/537.36 (KHTML, like Gecko) Chrome/67.0.3396.87 Safari/537.36',
  'accept' => 'text/html,application/xhtml+xml,application/xml;q=0.9,image/webp,image/apng,*/*;q=0.8',
  'referer' => 'http://localhost/thinkcmf/public/',
  'accept-encoding' => 'gzip, deflate, br',
  'accept-language' => 'zh-CN,zh;q=0.9,en;q=0.8',
  'cookie' => 'thinkphp_show_page_trace=0|0; thinkphp_show_page_trace=0|0; thinkphp_show_page_trace=0|0; pgv_pvi=2167111680; Phpstorm-8ce21e47=9c3c49c4-2858-4403-a419-407b5ad57a5f; Webstorm-82b282eb=cc7d2826-e9e1-4b4e-84a4-f75a24ed5591; Hm_lvt_f8d0a8c400404989e195270b0bbf060a=1524208149; admin_username=admin2356; PHPSESSID=2kas9vr9seabet9786lp432gd1; Hm_lvt_39dcd5bd05965dcfa70b1d2457c6dcae=1527662061,1529912498; Hm_lpvt_39dcd5bd05965dcfa70b1d2457c6dcae=1529979951',
)
[ info ] [ PARAM ] array (
)
[ info ] [ LANG ] /Applications/XAMPP/xamppfiles/htdocs/thinkcmf/public/../simplewind/cmf/lang/zh-cn.php
[ info ] [ LANG ] /Applications/XAMPP/xamppfiles/htdocs/thinkcmf/public/../app/admin/lang/zh-cn/common.php
[ info ] [ LANG ] /Applications/XAMPP/xamppfiles/htdocs/thinkcmf/public/../app/portal/lang/zh-cn/common.php
[ info ] [ BEHAVIOR ] Run cmf\behavior\LangBehavior @app_begin [ RunTime:0.000811s ]
[ info ] [ LANG ] /Applications/XAMPP/xamppfiles/htdocs/thinkcmf/public/../app/admin/lang/zh-cn.php
[ info ] [ DB ] INIT mysql
[ info ] [ LANG ] /Applications/XAMPP/xamppfiles/htdocs/thinkcmf/public/../app/admin/lang/zh-cn/admin_menu.php
[ info ] [ LANG ] /Applications/XAMPP/xamppfiles/htdocs/thinkcmf/public/../app/admin/lang/zh-cn/admin.php
[ info ] [ LANG ] /Applications/XAMPP/xamppfiles/htdocs/thinkcmf/public/../app/user/lang/zh-cn/admin_menu.php
[ info ] [ LANG ] /Applications/XAMPP/xamppfiles/htdocs/thinkcmf/public/../data/lang/zh-cn/admin_menu.php
[ info ] [ BEHAVIOR ] Run cmf\behavior\AdminLangBehavior @admin_init [ RunTime:0.003467s ]
[ info ] [ SESSION ] INIT array (
  'id' => '',
  'var_session_id' => '',
  'prefix' => 'think',
  'type' => '',
  'auto_start' => true,
)
[ info ] [ RUN ] app\admin\controller\MainController->index[ /Applications/XAMPP/xamppfiles/htdocs/thinkcmf/app/admin/controller/MainController.php ]
[ info ] [ VIEW ] themes/admin_simpleboot3/admin/main/index.html [ array (
  0 => 'admin',
  1 => 'dashboard_widgets',
  2 => 'dashboard_widget_plugins',
  3 => 'has_smtp_setting',
) ]
[ info ] [ LOG ] INIT File
[ sql ] [ DB ] CONNECT:[ UseTime:0.101383s ] mysql:host=180.76.53.221;port=3306;dbname=xlcount-view;charset=utf8
[ sql ] [ SQL ] SHOW COLUMNS FROM `xlv_option` [ RunTime:0.065331s ]
[ sql ] [ SQL ] SELECT `option_value` FROM `xlv_option` WHERE  `option_name` = 'cdn_settings' LIMIT 1 [ RunTime:0.063118s ]
[ sql ] [ SQL ] SHOW COLUMNS FROM `xlv_user` [ RunTime:0.062978s ]
[ sql ] [ SQL ] SELECT * FROM `xlv_user` WHERE  `id` = 1 LIMIT 1 [ RunTime:0.062898s ]
[ sql ] [ SQL ] SELECT `option_value` FROM `xlv_option` WHERE  `option_name` = 'admin_dashboard_widgets' LIMIT 1 [ RunTime:0.069322s ]
[ sql ] [ SQL ] SELECT `option_value` FROM `xlv_option` WHERE  `option_name` = 'smtp_setting' LIMIT 1 [ RunTime:0.062512s ]
---------------------------------------------------------------
[ 2018-06-26T10:26:07+08:00 ] 0.0.0.0 GET /thinkcmf/public/data/data/bean.html
[ info ] localhost/thinkcmf/public/data/data/bean.html [运行时间：3.805060s][吞吐率：0.26req/s] [内存消耗：3,245.79kb] [文件加载：74]
[ info ] [ CACHE ] INIT File
[ info ] [ BEHAVIOR ] Run cmf\behavior\InitHookBehavior @app_init [ RunTime:0.001365s ]
[ info ] [ LANG ] /Applications/XAMPP/xamppfiles/htdocs/thinkcmf/simplewind/thinkphp/lang/zh-cn.php
[ info ] [ ROUTE ] array (
  'type' => 'module',
  'module' => 
  array (
    0 => 'data',
    1 => 'data',
    2 => 'bean',
  ),
)
[ info ] [ HEADER ] array (
  'host' => 'localhost',
  'connection' => 'keep-alive',
  'upgrade-insecure-requests' => '1',
  'user-agent' => 'Mozilla/5.0 (Macintosh; Intel Mac OS X 10_13_3) AppleWebKit/537.36 (KHTML, like Gecko) Chrome/67.0.3396.87 Safari/537.36',
  'accept' => 'text/html,application/xhtml+xml,application/xml;q=0.9,image/webp,image/apng,*/*;q=0.8',
  'referer' => 'http://localhost/thinkcmf/public/',
  'accept-encoding' => 'gzip, deflate, br',
  'accept-language' => 'zh-CN,zh;q=0.9,en;q=0.8',
  'cookie' => 'thinkphp_show_page_trace=0|0; refersh_time=0; thinkphp_show_page_trace=0|0; pgv_pvi=2167111680; Phpstorm-8ce21e47=9c3c49c4-2858-4403-a419-407b5ad57a5f; Webstorm-82b282eb=cc7d2826-e9e1-4b4e-84a4-f75a24ed5591; Hm_lvt_f8d0a8c400404989e195270b0bbf060a=1524208149; admin_username=admin2356; PHPSESSID=2kas9vr9seabet9786lp432gd1; Hm_lvt_39dcd5bd05965dcfa70b1d2457c6dcae=1527662061,1529912498; Hm_lpvt_39dcd5bd05965dcfa70b1d2457c6dcae=1529979962',
)
[ info ] [ PARAM ] array (
)
[ info ] [ LANG ] /Applications/XAMPP/xamppfiles/htdocs/thinkcmf/public/../simplewind/cmf/lang/zh-cn.php
[ info ] [ LANG ] /Applications/XAMPP/xamppfiles/htdocs/thinkcmf/public/../app/admin/lang/zh-cn/common.php
[ info ] [ LANG ] /Applications/XAMPP/xamppfiles/htdocs/thinkcmf/public/../app/portal/lang/zh-cn/common.php
[ info ] [ BEHAVIOR ] Run cmf\behavior\LangBehavior @app_begin [ RunTime:0.000535s ]
[ info ] [ DB ] INIT mysql
[ info ] [ LANG ] /Applications/XAMPP/xamppfiles/htdocs/thinkcmf/public/../app/admin/lang/zh-cn/admin_menu.php
[ info ] [ LANG ] /Applications/XAMPP/xamppfiles/htdocs/thinkcmf/public/../app/admin/lang/zh-cn/admin.php
[ info ] [ LANG ] /Applications/XAMPP/xamppfiles/htdocs/thinkcmf/public/../app/user/lang/zh-cn/admin_menu.php
[ info ] [ LANG ] /Applications/XAMPP/xamppfiles/htdocs/thinkcmf/public/../data/lang/zh-cn/admin_menu.php
[ info ] [ BEHAVIOR ] Run cmf\behavior\AdminLangBehavior @admin_init [ RunTime:0.001192s ]
[ info ] [ SESSION ] INIT array (
  'id' => '',
  'var_session_id' => '',
  'prefix' => 'think',
  'type' => '',
  'auto_start' => true,
)
[ info ] [ RUN ] app\data\controller\DataController->bean[ /Applications/XAMPP/xamppfiles/htdocs/thinkcmf/app/data/controller/DataController.php ]
[ info ] [ DB ] INIT mysql
[ info ] [ VIEW ] themes/admin_simpleboot3/data/data/bean.html [ array (
  0 => 'admin',
  1 => 'data',
) ]
[ info ] [ LOG ] INIT File
[ sql ] [ DB ] CONNECT:[ UseTime:1.060230s ] mysql:host=180.76.53.221;port=3306;dbname=xlcount-view;charset=utf8
[ sql ] [ SQL ] SHOW COLUMNS FROM `xlv_option` [ RunTime:1.476308s ]
[ sql ] [ SQL ] SELECT `option_value` FROM `xlv_option` WHERE  `option_name` = 'cdn_settings' LIMIT 1 [ RunTime:0.293804s ]
[ sql ] [ SQL ] SHOW COLUMNS FROM `xlv_user` [ RunTime:0.076800s ]
[ sql ] [ SQL ] SELECT * FROM `xlv_user` WHERE  `id` = 1 LIMIT 1 [ RunTime:0.065722s ]
[ sql ] [ SQL ] SELECT `option_value` FROM `xlv_option` WHERE  `option_name` = 'admin_settings' LIMIT 1 [ RunTime:0.074361s ]
---------------------------------------------------------------
[ 2018-06-26T10:26:12+08:00 ] 0.0.0.0 GET /thinkcmf/public/admin/menu/index.html
[ info ] localhost/thinkcmf/public/admin/menu/index.html [运行时间：0.657327s][吞吐率：1.52req/s] [内存消耗：3,640.88kb] [文件加载：76]
[ info ] [ CACHE ] INIT File
[ info ] [ BEHAVIOR ] Run cmf\behavior\InitHookBehavior @app_init [ RunTime:0.001281s ]
[ info ] [ LANG ] /Applications/XAMPP/xamppfiles/htdocs/thinkcmf/simplewind/thinkphp/lang/zh-cn.php
[ info ] [ ROUTE ] array (
  'type' => 'module',
  'module' => 
  array (
    0 => 'admin',
    1 => 'menu',
    2 => 'index',
  ),
)
[ info ] [ HEADER ] array (
  'host' => 'localhost',
  'connection' => 'keep-alive',
  'upgrade-insecure-requests' => '1',
  'user-agent' => 'Mozilla/5.0 (Macintosh; Intel Mac OS X 10_13_3) AppleWebKit/537.36 (KHTML, like Gecko) Chrome/67.0.3396.87 Safari/537.36',
  'accept' => 'text/html,application/xhtml+xml,application/xml;q=0.9,image/webp,image/apng,*/*;q=0.8',
  'referer' => 'http://localhost/thinkcmf/public/',
  'accept-encoding' => 'gzip, deflate, br',
  'accept-language' => 'zh-CN,zh;q=0.9,en;q=0.8',
  'cookie' => 'thinkphp_show_page_trace=0|0; thinkphp_show_page_trace=0|0; thinkphp_show_page_trace=0|0; pgv_pvi=2167111680; Phpstorm-8ce21e47=9c3c49c4-2858-4403-a419-407b5ad57a5f; Webstorm-82b282eb=cc7d2826-e9e1-4b4e-84a4-f75a24ed5591; Hm_lvt_f8d0a8c400404989e195270b0bbf060a=1524208149; admin_username=admin2356; PHPSESSID=2kas9vr9seabet9786lp432gd1; Hm_lvt_39dcd5bd05965dcfa70b1d2457c6dcae=1527662061,1529912498; Hm_lpvt_39dcd5bd05965dcfa70b1d2457c6dcae=1529979962',
)
[ info ] [ PARAM ] array (
)
[ info ] [ LANG ] /Applications/XAMPP/xamppfiles/htdocs/thinkcmf/public/../simplewind/cmf/lang/zh-cn.php
[ info ] [ LANG ] /Applications/XAMPP/xamppfiles/htdocs/thinkcmf/public/../app/admin/lang/zh-cn/common.php
[ info ] [ LANG ] /Applications/XAMPP/xamppfiles/htdocs/thinkcmf/public/../app/portal/lang/zh-cn/common.php
[ info ] [ BEHAVIOR ] Run cmf\behavior\LangBehavior @app_begin [ RunTime:0.000574s ]
[ info ] [ LANG ] /Applications/XAMPP/xamppfiles/htdocs/thinkcmf/public/../app/admin/lang/zh-cn.php
[ info ] [ DB ] INIT mysql
[ info ] [ LANG ] /Applications/XAMPP/xamppfiles/htdocs/thinkcmf/public/../app/admin/lang/zh-cn/admin_menu.php
[ info ] [ LANG ] /Applications/XAMPP/xamppfiles/htdocs/thinkcmf/public/../app/admin/lang/zh-cn/admin.php
[ info ] [ LANG ] /Applications/XAMPP/xamppfiles/htdocs/thinkcmf/public/../app/user/lang/zh-cn/admin_menu.php
[ info ] [ LANG ] /Applications/XAMPP/xamppfiles/htdocs/thinkcmf/public/../data/lang/zh-cn/admin_menu.php
[ info ] [ BEHAVIOR ] Run cmf\behavior\AdminLangBehavior @admin_init [ RunTime:0.000965s ]
[ info ] [ SESSION ] INIT array (
  'id' => '',
  'var_session_id' => '',
  'prefix' => 'think',
  'type' => '',
  'auto_start' => true,
)
[ info ] [ RUN ] app\admin\controller\MenuController->index[ /Applications/XAMPP/xamppfiles/htdocs/thinkcmf/app/admin/controller/MenuController.php ]
[ info ] [ VIEW ] themes/admin_simpleboot3/admin/menu/index.html [ array (
  0 => 'admin',
  1 => 'category',
) ]
[ info ] [ LOG ] INIT File
[ sql ] [ DB ] CONNECT:[ UseTime:0.097628s ] mysql:host=180.76.53.221;port=3306;dbname=xlcount-view;charset=utf8
[ sql ] [ SQL ] SHOW COLUMNS FROM `xlv_option` [ RunTime:0.062177s ]
[ sql ] [ SQL ] SELECT `option_value` FROM `xlv_option` WHERE  `option_name` = 'cdn_settings' LIMIT 1 [ RunTime:0.062226s ]
[ sql ] [ SQL ] SHOW COLUMNS FROM `xlv_user` [ RunTime:0.066380s ]
[ sql ] [ SQL ] SELECT * FROM `xlv_user` WHERE  `id` = 1 LIMIT 1 [ RunTime:0.069901s ]
[ sql ] [ SQL ] SHOW COLUMNS FROM `xlv_admin_menu` [ RunTime:0.071782s ]
[ sql ] [ SQL ] SELECT * FROM `xlv_admin_menu` ORDER BY `list_order` ASC [ RunTime:0.099209s ]
[ sql ] [ SQL ] SELECT `option_value` FROM `xlv_option` WHERE  `option_name` = 'admin_settings' LIMIT 1 [ RunTime:0.074341s ]
---------------------------------------------------------------
[ 2018-06-26T10:26:37+08:00 ] 0.0.0.0 GET /thinkcmf/public/admin/menu/edit/id/164.html
[ info ] localhost/thinkcmf/public/admin/menu/edit/id/164.html [运行时间：1.287498s][吞吐率：0.78req/s] [内存消耗：3,309.60kb] [文件加载：76]
[ info ] [ CACHE ] INIT File
[ info ] [ BEHAVIOR ] Run cmf\behavior\InitHookBehavior @app_init [ RunTime:0.002632s ]
[ info ] [ LANG ] /Applications/XAMPP/xamppfiles/htdocs/thinkcmf/simplewind/thinkphp/lang/zh-cn.php
[ info ] [ ROUTE ] array (
  'type' => 'module',
  'module' => 
  array (
    0 => 'admin',
    1 => 'menu',
    2 => 'edit',
  ),
)
[ info ] [ HEADER ] array (
  'host' => 'localhost',
  'connection' => 'keep-alive',
  'upgrade-insecure-requests' => '1',
  'user-agent' => 'Mozilla/5.0 (Macintosh; Intel Mac OS X 10_13_3) AppleWebKit/537.36 (KHTML, like Gecko) Chrome/67.0.3396.87 Safari/537.36',
  'accept' => 'text/html,application/xhtml+xml,application/xml;q=0.9,image/webp,image/apng,*/*;q=0.8',
  'referer' => 'http://localhost/thinkcmf/public/admin/menu/index.html',
  'accept-encoding' => 'gzip, deflate, br',
  'accept-language' => 'zh-CN,zh;q=0.9,en;q=0.8',
  'cookie' => 'thinkphp_show_page_trace=0|0; thinkphp_show_page_trace=0|0; thinkphp_show_page_trace=0|0; thinkphp_show_page_trace=0|0; pgv_pvi=2167111680; Phpstorm-8ce21e47=9c3c49c4-2858-4403-a419-407b5ad57a5f; Webstorm-82b282eb=cc7d2826-e9e1-4b4e-84a4-f75a24ed5591; Hm_lvt_f8d0a8c400404989e195270b0bbf060a=1524208149; admin_username=admin2356; PHPSESSID=2kas9vr9seabet9786lp432gd1; Hm_lvt_39dcd5bd05965dcfa70b1d2457c6dcae=1527662061,1529912498; Hm_lpvt_39dcd5bd05965dcfa70b1d2457c6dcae=1529979962',
)
[ info ] [ PARAM ] array (
  'id' => '164',
)
[ info ] [ LANG ] /Applications/XAMPP/xamppfiles/htdocs/thinkcmf/public/../simplewind/cmf/lang/zh-cn.php
[ info ] [ LANG ] /Applications/XAMPP/xamppfiles/htdocs/thinkcmf/public/../app/admin/lang/zh-cn/common.php
[ info ] [ LANG ] /Applications/XAMPP/xamppfiles/htdocs/thinkcmf/public/../app/portal/lang/zh-cn/common.php
[ info ] [ BEHAVIOR ] Run cmf\behavior\LangBehavior @app_begin [ RunTime:0.001032s ]
[ info ] [ LANG ] /Applications/XAMPP/xamppfiles/htdocs/thinkcmf/public/../app/admin/lang/zh-cn.php
[ info ] [ DB ] INIT mysql
[ info ] [ LANG ] /Applications/XAMPP/xamppfiles/htdocs/thinkcmf/public/../app/admin/lang/zh-cn/admin_menu.php
[ info ] [ LANG ] /Applications/XAMPP/xamppfiles/htdocs/thinkcmf/public/../app/admin/lang/zh-cn/admin.php
[ info ] [ LANG ] /Applications/XAMPP/xamppfiles/htdocs/thinkcmf/public/../app/user/lang/zh-cn/admin_menu.php
[ info ] [ LANG ] /Applications/XAMPP/xamppfiles/htdocs/thinkcmf/public/../data/lang/zh-cn/admin_menu.php
[ info ] [ BEHAVIOR ] Run cmf\behavior\AdminLangBehavior @admin_init [ RunTime:0.001232s ]
[ info ] [ SESSION ] INIT array (
  'id' => '',
  'var_session_id' => '',
  'prefix' => 'think',
  'type' => '',
  'auto_start' => true,
)
[ info ] [ RUN ] app\admin\controller\MenuController->edit[ /Applications/XAMPP/xamppfiles/htdocs/thinkcmf/app/admin/controller/MenuController.php ]
[ info ] [ VIEW ] themes/admin_simpleboot3/admin/menu/edit.html [ array (
  0 => 'admin',
  1 => 'data',
  2 => 'select_category',
) ]
[ info ] [ LOG ] INIT File
[ sql ] [ DB ] CONNECT:[ UseTime:0.682235s ] mysql:host=180.76.53.221;port=3306;dbname=xlcount-view;charset=utf8
[ sql ] [ SQL ] SHOW COLUMNS FROM `xlv_option` [ RunTime:0.065030s ]
[ sql ] [ SQL ] SELECT `option_value` FROM `xlv_option` WHERE  `option_name` = 'cdn_settings' LIMIT 1 [ RunTime:0.062419s ]
[ sql ] [ SQL ] SHOW COLUMNS FROM `xlv_user` [ RunTime:0.065327s ]
[ sql ] [ SQL ] SELECT * FROM `xlv_user` WHERE  `id` = 1 LIMIT 1 [ RunTime:0.064877s ]
[ sql ] [ SQL ] SHOW COLUMNS FROM `xlv_admin_menu` [ RunTime:0.063473s ]
[ sql ] [ SQL ] SELECT * FROM `xlv_admin_menu` WHERE  `id` = 164 LIMIT 1 [ RunTime:0.061946s ]
[ sql ] [ SQL ] SELECT * FROM `xlv_admin_menu` ORDER BY `list_order` ASC [ RunTime:0.094626s ]
[ sql ] [ SQL ] SELECT `option_value` FROM `xlv_option` WHERE  `option_name` = 'admin_settings' LIMIT 1 [ RunTime:0.062762s ]
---------------------------------------------------------------
[ 2018-06-26T10:28:48+08:00 ] 0.0.0.0 GET /thinkcmf/public/
[ info ] localhost/thinkcmf/public/ [运行时间：0.629164s][吞吐率：1.59req/s] [内存消耗：3,432.11kb] [文件加载：77]
[ info ] [ CACHE ] INIT File
[ info ] [ BEHAVIOR ] Run cmf\behavior\InitHookBehavior @app_init [ RunTime:0.003003s ]
[ info ] [ LANG ] /Applications/XAMPP/xamppfiles/htdocs/thinkcmf/simplewind/thinkphp/lang/zh-cn.php
[ info ] [ ROUTE ] array (
  'type' => 'module',
  'module' => 
  array (
    0 => '',
    1 => NULL,
    2 => NULL,
  ),
)
[ info ] [ HEADER ] array (
  'host' => 'localhost',
  'connection' => 'keep-alive',
  'cache-control' => 'max-age=0',
  'upgrade-insecure-requests' => '1',
  'user-agent' => 'Mozilla/5.0 (Macintosh; Intel Mac OS X 10_13_3) AppleWebKit/537.36 (KHTML, like Gecko) Chrome/67.0.3396.87 Safari/537.36',
  'accept' => 'text/html,application/xhtml+xml,application/xml;q=0.9,image/webp,image/apng,*/*;q=0.8',
  'accept-encoding' => 'gzip, deflate, br',
  'accept-language' => 'zh-CN,zh;q=0.9,en;q=0.8',
  'cookie' => 'thinkphp_show_page_trace=0|0; pgv_pvi=2167111680; Phpstorm-8ce21e47=9c3c49c4-2858-4403-a419-407b5ad57a5f; Webstorm-82b282eb=cc7d2826-e9e1-4b4e-84a4-f75a24ed5591; Hm_lvt_f8d0a8c400404989e195270b0bbf060a=1524208149; admin_username=admin2356; PHPSESSID=2kas9vr9seabet9786lp432gd1; Hm_lvt_39dcd5bd05965dcfa70b1d2457c6dcae=1527662061,1529912498; Hm_lpvt_39dcd5bd05965dcfa70b1d2457c6dcae=1529979962',
)
[ info ] [ PARAM ] array (
)
[ info ] [ LANG ] /Applications/XAMPP/xamppfiles/htdocs/thinkcmf/public/../simplewind/cmf/lang/zh-cn.php
[ info ] [ LANG ] /Applications/XAMPP/xamppfiles/htdocs/thinkcmf/public/../app/admin/lang/zh-cn/common.php
[ info ] [ LANG ] /Applications/XAMPP/xamppfiles/htdocs/thinkcmf/public/../app/portal/lang/zh-cn/common.php
[ info ] [ BEHAVIOR ] Run cmf\behavior\LangBehavior @app_begin [ RunTime:0.001694s ]
[ info ] [ LANG ] /Applications/XAMPP/xamppfiles/htdocs/thinkcmf/public/../app/admin/lang/zh-cn.php
[ info ] [ DB ] INIT mysql
[ info ] [ SESSION ] INIT array (
  'id' => '',
  'var_session_id' => '',
  'prefix' => 'think',
  'type' => '',
  'auto_start' => true,
)
[ info ] [ LANG ] /Applications/XAMPP/xamppfiles/htdocs/thinkcmf/public/../app/admin/lang/zh-cn/admin_menu.php
[ info ] [ LANG ] /Applications/XAMPP/xamppfiles/htdocs/thinkcmf/public/../app/admin/lang/zh-cn/admin.php
[ info ] [ LANG ] /Applications/XAMPP/xamppfiles/htdocs/thinkcmf/public/../app/user/lang/zh-cn/admin_menu.php
[ info ] [ LANG ] /Applications/XAMPP/xamppfiles/htdocs/thinkcmf/public/../data/lang/zh-cn/admin_menu.php
[ info ] [ BEHAVIOR ] Run cmf\behavior\AdminLangBehavior @admin_init [ RunTime:0.001912s ]
[ info ] [ RUN ] app\admin\controller\IndexController->index[ /Applications/XAMPP/xamppfiles/htdocs/thinkcmf/app/admin/controller/IndexController.php ]
[ info ] [ VIEW ] themes/admin_simpleboot3/admin/index/index.html [ array (
  0 => 'admin',
  1 => 'menus',
) ]
[ info ] [ LOG ] INIT File
[ sql ] [ DB ] CONNECT:[ UseTime:0.096401s ] mysql:host=180.76.53.221;port=3306;dbname=xlcount-view;charset=utf8
[ sql ] [ SQL ] SHOW COLUMNS FROM `xlv_option` [ RunTime:0.073528s ]
[ sql ] [ SQL ] SELECT `option_value` FROM `xlv_option` WHERE  `option_name` = 'cdn_settings' LIMIT 1 [ RunTime:0.062857s ]
[ sql ] [ SQL ] SELECT `option_value` FROM `xlv_option` WHERE  `option_name` = 'admin_settings' LIMIT 1 [ RunTime:0.060304s ]
[ sql ] [ SQL ] SHOW COLUMNS FROM `xlv_user` [ RunTime:0.072923s ]
[ sql ] [ SQL ] SELECT * FROM `xlv_user` WHERE  `id` = 1 LIMIT 1 [ RunTime:0.073932s ]
[ sql ] [ SQL ] SELECT `option_value` FROM `xlv_option` WHERE  `option_name` = 'admin_settings' LIMIT 1 [ RunTime:0.060955s ]
[ sql ] [ SQL ] SELECT `option_value` FROM `xlv_option` WHERE  `option_name` = 'admin_settings' LIMIT 1 [ RunTime:0.063705s ]
---------------------------------------------------------------
[ 2018-06-26T10:28:49+08:00 ] 0.0.0.0 GET /thinkcmf/public/admin/main/index.html
[ info ] localhost/thinkcmf/public/admin/main/index.html [运行时间：0.521872s][吞吐率：1.92req/s] [内存消耗：3,054.05kb] [文件加载：74]
[ info ] [ CACHE ] INIT File
[ info ] [ BEHAVIOR ] Run cmf\behavior\InitHookBehavior @app_init [ RunTime:0.001946s ]
[ info ] [ LANG ] /Applications/XAMPP/xamppfiles/htdocs/thinkcmf/simplewind/thinkphp/lang/zh-cn.php
[ info ] [ ROUTE ] array (
  'type' => 'module',
  'module' => 
  array (
    0 => 'admin',
    1 => 'main',
    2 => 'index',
  ),
)
[ info ] [ HEADER ] array (
  'host' => 'localhost',
  'connection' => 'keep-alive',
  'upgrade-insecure-requests' => '1',
  'user-agent' => 'Mozilla/5.0 (Macintosh; Intel Mac OS X 10_13_3) AppleWebKit/537.36 (KHTML, like Gecko) Chrome/67.0.3396.87 Safari/537.36',
  'accept' => 'text/html,application/xhtml+xml,application/xml;q=0.9,image/webp,image/apng,*/*;q=0.8',
  'referer' => 'http://localhost/thinkcmf/public/',
  'accept-encoding' => 'gzip, deflate, br',
  'accept-language' => 'zh-CN,zh;q=0.9,en;q=0.8',
  'cookie' => 'thinkphp_show_page_trace=0|0; thinkphp_show_page_trace=0|0; thinkphp_show_page_trace=0|0; pgv_pvi=2167111680; Phpstorm-8ce21e47=9c3c49c4-2858-4403-a419-407b5ad57a5f; Webstorm-82b282eb=cc7d2826-e9e1-4b4e-84a4-f75a24ed5591; Hm_lvt_f8d0a8c400404989e195270b0bbf060a=1524208149; admin_username=admin2356; PHPSESSID=2kas9vr9seabet9786lp432gd1; Hm_lvt_39dcd5bd05965dcfa70b1d2457c6dcae=1527662061,1529912498; Hm_lpvt_39dcd5bd05965dcfa70b1d2457c6dcae=1529979962',
)
[ info ] [ PARAM ] array (
)
[ info ] [ LANG ] /Applications/XAMPP/xamppfiles/htdocs/thinkcmf/public/../simplewind/cmf/lang/zh-cn.php
[ info ] [ LANG ] /Applications/XAMPP/xamppfiles/htdocs/thinkcmf/public/../app/admin/lang/zh-cn/common.php
[ info ] [ LANG ] /Applications/XAMPP/xamppfiles/htdocs/thinkcmf/public/../app/portal/lang/zh-cn/common.php
[ info ] [ BEHAVIOR ] Run cmf\behavior\LangBehavior @app_begin [ RunTime:0.000562s ]
[ info ] [ LANG ] /Applications/XAMPP/xamppfiles/htdocs/thinkcmf/public/../app/admin/lang/zh-cn.php
[ info ] [ DB ] INIT mysql
[ info ] [ LANG ] /Applications/XAMPP/xamppfiles/htdocs/thinkcmf/public/../app/admin/lang/zh-cn/admin_menu.php
[ info ] [ LANG ] /Applications/XAMPP/xamppfiles/htdocs/thinkcmf/public/../app/admin/lang/zh-cn/admin.php
[ info ] [ LANG ] /Applications/XAMPP/xamppfiles/htdocs/thinkcmf/public/../app/user/lang/zh-cn/admin_menu.php
[ info ] [ LANG ] /Applications/XAMPP/xamppfiles/htdocs/thinkcmf/public/../data/lang/zh-cn/admin_menu.php
[ info ] [ BEHAVIOR ] Run cmf\behavior\AdminLangBehavior @admin_init [ RunTime:0.001078s ]
[ info ] [ SESSION ] INIT array (
  'id' => '',
  'var_session_id' => '',
  'prefix' => 'think',
  'type' => '',
  'auto_start' => true,
)
[ info ] [ RUN ] app\admin\controller\MainController->index[ /Applications/XAMPP/xamppfiles/htdocs/thinkcmf/app/admin/controller/MainController.php ]
[ info ] [ VIEW ] themes/admin_simpleboot3/admin/main/index.html [ array (
  0 => 'admin',
  1 => 'dashboard_widgets',
  2 => 'dashboard_widget_plugins',
  3 => 'has_smtp_setting',
) ]
[ info ] [ LOG ] INIT File
[ sql ] [ DB ] CONNECT:[ UseTime:0.106487s ] mysql:host=180.76.53.221;port=3306;dbname=xlcount-view;charset=utf8
[ sql ] [ SQL ] SHOW COLUMNS FROM `xlv_option` [ RunTime:0.062686s ]
[ sql ] [ SQL ] SELECT `option_value` FROM `xlv_option` WHERE  `option_name` = 'cdn_settings' LIMIT 1 [ RunTime:0.064448s ]
[ sql ] [ SQL ] SHOW COLUMNS FROM `xlv_user` [ RunTime:0.063357s ]
[ sql ] [ SQL ] SELECT * FROM `xlv_user` WHERE  `id` = 1 LIMIT 1 [ RunTime:0.061732s ]
[ sql ] [ SQL ] SELECT `option_value` FROM `xlv_option` WHERE  `option_name` = 'admin_dashboard_widgets' LIMIT 1 [ RunTime:0.061552s ]
[ sql ] [ SQL ] SELECT `option_value` FROM `xlv_option` WHERE  `option_name` = 'smtp_setting' LIMIT 1 [ RunTime:0.063765s ]
---------------------------------------------------------------
[ 2018-06-26T10:31:20+08:00 ] 0.0.0.0 GET /thinkcmf/public/data/data/guidance.html
[ info ] localhost/thinkcmf/public/data/data/guidance.html [运行时间：3.080617s][吞吐率：0.32req/s] [内存消耗：2,933.04kb] [文件加载：72]
[ info ] [ CACHE ] INIT File
[ info ] [ BEHAVIOR ] Run cmf\behavior\InitHookBehavior @app_init [ RunTime:0.003119s ]
[ info ] [ LANG ] /Applications/XAMPP/xamppfiles/htdocs/thinkcmf/simplewind/thinkphp/lang/zh-cn.php
[ info ] [ ROUTE ] array (
  'type' => 'module',
  'module' => 
  array (
    0 => 'data',
    1 => 'data',
    2 => 'guidance',
  ),
)
[ info ] [ HEADER ] array (
  'host' => 'localhost',
  'connection' => 'keep-alive',
  'upgrade-insecure-requests' => '1',
  'user-agent' => 'Mozilla/5.0 (Macintosh; Intel Mac OS X 10_13_3) AppleWebKit/537.36 (KHTML, like Gecko) Chrome/67.0.3396.87 Safari/537.36',
  'accept' => 'text/html,application/xhtml+xml,application/xml;q=0.9,image/webp,image/apng,*/*;q=0.8',
  'referer' => 'http://localhost/thinkcmf/public/',
  'accept-encoding' => 'gzip, deflate, br',
  'accept-language' => 'zh-CN,zh;q=0.9,en;q=0.8',
  'cookie' => 'thinkphp_show_page_trace=0|0; refersh_time=0; thinkphp_show_page_trace=0|0; pgv_pvi=2167111680; Phpstorm-8ce21e47=9c3c49c4-2858-4403-a419-407b5ad57a5f; Webstorm-82b282eb=cc7d2826-e9e1-4b4e-84a4-f75a24ed5591; Hm_lvt_f8d0a8c400404989e195270b0bbf060a=1524208149; admin_username=admin2356; PHPSESSID=2kas9vr9seabet9786lp432gd1; Hm_lvt_39dcd5bd05965dcfa70b1d2457c6dcae=1527662061,1529912498; Hm_lpvt_39dcd5bd05965dcfa70b1d2457c6dcae=1529980129',
)
[ info ] [ PARAM ] array (
)
[ info ] [ LANG ] /Applications/XAMPP/xamppfiles/htdocs/thinkcmf/public/../simplewind/cmf/lang/zh-cn.php
[ info ] [ LANG ] /Applications/XAMPP/xamppfiles/htdocs/thinkcmf/public/../app/admin/lang/zh-cn/common.php
[ info ] [ LANG ] /Applications/XAMPP/xamppfiles/htdocs/thinkcmf/public/../app/portal/lang/zh-cn/common.php
[ info ] [ BEHAVIOR ] Run cmf\behavior\LangBehavior @app_begin [ RunTime:0.001339s ]
[ info ] [ DB ] INIT mysql
[ info ] [ LANG ] /Applications/XAMPP/xamppfiles/htdocs/thinkcmf/public/../app/admin/lang/zh-cn/admin_menu.php
[ info ] [ LANG ] /Applications/XAMPP/xamppfiles/htdocs/thinkcmf/public/../app/admin/lang/zh-cn/admin.php
[ info ] [ LANG ] /Applications/XAMPP/xamppfiles/htdocs/thinkcmf/public/../app/user/lang/zh-cn/admin_menu.php
[ info ] [ LANG ] /Applications/XAMPP/xamppfiles/htdocs/thinkcmf/public/../data/lang/zh-cn/admin_menu.php
[ info ] [ BEHAVIOR ] Run cmf\behavior\AdminLangBehavior @admin_init [ RunTime:0.002209s ]
[ info ] [ SESSION ] INIT array (
  'id' => '',
  'var_session_id' => '',
  'prefix' => 'think',
  'type' => '',
  'auto_start' => true,
)
[ info ] [ RUN ] app\data\controller\DataController->guidance[ /Applications/XAMPP/xamppfiles/htdocs/thinkcmf/app/data/controller/DataController.php ]
[ info ] [ LOG ] INIT File
[ sql ] [ DB ] CONNECT:[ UseTime:2.506726s ] mysql:host=180.76.53.221;port=3306;dbname=xlcount-view;charset=utf8
[ sql ] [ SQL ] SHOW COLUMNS FROM `xlv_option` [ RunTime:0.298558s ]
[ sql ] [ SQL ] SELECT `option_value` FROM `xlv_option` WHERE  `option_name` = 'cdn_settings' LIMIT 1 [ RunTime:0.071827s ]
[ sql ] [ SQL ] SHOW COLUMNS FROM `xlv_user` [ RunTime:0.076579s ]
[ sql ] [ SQL ] SELECT * FROM `xlv_user` WHERE  `id` = 1 LIMIT 1 [ RunTime:0.073592s ]
[ error ] [0]致命错误: Class 'app\data\controller\Db' not found[/Applications/XAMPP/xamppfiles/htdocs/thinkcmf/app/data/controller/DataController.php:342]
---------------------------------------------------------------
[ 2018-06-26T10:35:35+08:00 ] 0.0.0.0 GET /thinkcmf/public/
[ info ] localhost/thinkcmf/public/ [运行时间：0.614175s][吞吐率：1.63req/s] [内存消耗：3,432.11kb] [文件加载：77]
[ info ] [ CACHE ] INIT File
[ info ] [ BEHAVIOR ] Run cmf\behavior\InitHookBehavior @app_init [ RunTime:0.003833s ]
[ info ] [ LANG ] /Applications/XAMPP/xamppfiles/htdocs/thinkcmf/simplewind/thinkphp/lang/zh-cn.php
[ info ] [ ROUTE ] array (
  'type' => 'module',
  'module' => 
  array (
    0 => '',
    1 => NULL,
    2 => NULL,
  ),
)
[ info ] [ HEADER ] array (
  'host' => 'localhost',
  'connection' => 'keep-alive',
  'cache-control' => 'max-age=0',
  'upgrade-insecure-requests' => '1',
  'user-agent' => 'Mozilla/5.0 (Macintosh; Intel Mac OS X 10_13_3) AppleWebKit/537.36 (KHTML, like Gecko) Chrome/67.0.3396.87 Safari/537.36',
  'accept' => 'text/html,application/xhtml+xml,application/xml;q=0.9,image/webp,image/apng,*/*;q=0.8',
  'accept-encoding' => 'gzip, deflate, br',
  'accept-language' => 'zh-CN,zh;q=0.9,en;q=0.8',
  'cookie' => 'thinkphp_show_page_trace=0|0; pgv_pvi=2167111680; Phpstorm-8ce21e47=9c3c49c4-2858-4403-a419-407b5ad57a5f; Webstorm-82b282eb=cc7d2826-e9e1-4b4e-84a4-f75a24ed5591; Hm_lvt_f8d0a8c400404989e195270b0bbf060a=1524208149; admin_username=admin2356; PHPSESSID=2kas9vr9seabet9786lp432gd1; Hm_lvt_39dcd5bd05965dcfa70b1d2457c6dcae=1527662061,1529912498; Hm_lpvt_39dcd5bd05965dcfa70b1d2457c6dcae=1529980129',
)
[ info ] [ PARAM ] array (
)
[ info ] [ LANG ] /Applications/XAMPP/xamppfiles/htdocs/thinkcmf/public/../simplewind/cmf/lang/zh-cn.php
[ info ] [ LANG ] /Applications/XAMPP/xamppfiles/htdocs/thinkcmf/public/../app/admin/lang/zh-cn/common.php
[ info ] [ LANG ] /Applications/XAMPP/xamppfiles/htdocs/thinkcmf/public/../app/portal/lang/zh-cn/common.php
[ info ] [ BEHAVIOR ] Run cmf\behavior\LangBehavior @app_begin [ RunTime:0.001609s ]
[ info ] [ LANG ] /Applications/XAMPP/xamppfiles/htdocs/thinkcmf/public/../app/admin/lang/zh-cn.php
[ info ] [ DB ] INIT mysql
[ info ] [ SESSION ] INIT array (
  'id' => '',
  'var_session_id' => '',
  'prefix' => 'think',
  'type' => '',
  'auto_start' => true,
)
[ info ] [ LANG ] /Applications/XAMPP/xamppfiles/htdocs/thinkcmf/public/../app/admin/lang/zh-cn/admin_menu.php
[ info ] [ LANG ] /Applications/XAMPP/xamppfiles/htdocs/thinkcmf/public/../app/admin/lang/zh-cn/admin.php
[ info ] [ LANG ] /Applications/XAMPP/xamppfiles/htdocs/thinkcmf/public/../app/user/lang/zh-cn/admin_menu.php
[ info ] [ LANG ] /Applications/XAMPP/xamppfiles/htdocs/thinkcmf/public/../data/lang/zh-cn/admin_menu.php
[ info ] [ BEHAVIOR ] Run cmf\behavior\AdminLangBehavior @admin_init [ RunTime:0.002820s ]
[ info ] [ RUN ] app\admin\controller\IndexController->index[ /Applications/XAMPP/xamppfiles/htdocs/thinkcmf/app/admin/controller/IndexController.php ]
[ info ] [ VIEW ] themes/admin_simpleboot3/admin/index/index.html [ array (
  0 => 'admin',
  1 => 'menus',
) ]
[ info ] [ LOG ] INIT File
[ sql ] [ DB ] CONNECT:[ UseTime:0.096348s ] mysql:host=180.76.53.221;port=3306;dbname=xlcount-view;charset=utf8
[ sql ] [ SQL ] SHOW COLUMNS FROM `xlv_option` [ RunTime:0.062570s ]
[ sql ] [ SQL ] SELECT `option_value` FROM `xlv_option` WHERE  `option_name` = 'cdn_settings' LIMIT 1 [ RunTime:0.067388s ]
[ sql ] [ SQL ] SELECT `option_value` FROM `xlv_option` WHERE  `option_name` = 'admin_settings' LIMIT 1 [ RunTime:0.064038s ]
[ sql ] [ SQL ] SHOW COLUMNS FROM `xlv_user` [ RunTime:0.066334s ]
[ sql ] [ SQL ] SELECT * FROM `xlv_user` WHERE  `id` = 1 LIMIT 1 [ RunTime:0.060755s ]
[ sql ] [ SQL ] SELECT `option_value` FROM `xlv_option` WHERE  `option_name` = 'admin_settings' LIMIT 1 [ RunTime:0.066509s ]
[ sql ] [ SQL ] SELECT `option_value` FROM `xlv_option` WHERE  `option_name` = 'admin_settings' LIMIT 1 [ RunTime:0.065505s ]
---------------------------------------------------------------
[ 2018-06-26T10:35:35+08:00 ] 0.0.0.0 GET /thinkcmf/public/admin/main/index.html
[ info ] localhost/thinkcmf/public/admin/main/index.html [运行时间：0.527190s][吞吐率：1.90req/s] [内存消耗：3,054.05kb] [文件加载：74]
[ info ] [ CACHE ] INIT File
[ info ] [ BEHAVIOR ] Run cmf\behavior\InitHookBehavior @app_init [ RunTime:0.001328s ]
[ info ] [ LANG ] /Applications/XAMPP/xamppfiles/htdocs/thinkcmf/simplewind/thinkphp/lang/zh-cn.php
[ info ] [ ROUTE ] array (
  'type' => 'module',
  'module' => 
  array (
    0 => 'admin',
    1 => 'main',
    2 => 'index',
  ),
)
[ info ] [ HEADER ] array (
  'host' => 'localhost',
  'connection' => 'keep-alive',
  'upgrade-insecure-requests' => '1',
  'user-agent' => 'Mozilla/5.0 (Macintosh; Intel Mac OS X 10_13_3) AppleWebKit/537.36 (KHTML, like Gecko) Chrome/67.0.3396.87 Safari/537.36',
  'accept' => 'text/html,application/xhtml+xml,application/xml;q=0.9,image/webp,image/apng,*/*;q=0.8',
  'referer' => 'http://localhost/thinkcmf/public/',
  'accept-encoding' => 'gzip, deflate, br',
  'accept-language' => 'zh-CN,zh;q=0.9,en;q=0.8',
  'cookie' => 'thinkphp_show_page_trace=0|0; thinkphp_show_page_trace=0|0; thinkphp_show_page_trace=0|0; pgv_pvi=2167111680; Phpstorm-8ce21e47=9c3c49c4-2858-4403-a419-407b5ad57a5f; Webstorm-82b282eb=cc7d2826-e9e1-4b4e-84a4-f75a24ed5591; Hm_lvt_f8d0a8c400404989e195270b0bbf060a=1524208149; admin_username=admin2356; PHPSESSID=2kas9vr9seabet9786lp432gd1; Hm_lvt_39dcd5bd05965dcfa70b1d2457c6dcae=1527662061,1529912498; Hm_lpvt_39dcd5bd05965dcfa70b1d2457c6dcae=1529980129',
)
[ info ] [ PARAM ] array (
)
[ info ] [ LANG ] /Applications/XAMPP/xamppfiles/htdocs/thinkcmf/public/../simplewind/cmf/lang/zh-cn.php
[ info ] [ LANG ] /Applications/XAMPP/xamppfiles/htdocs/thinkcmf/public/../app/admin/lang/zh-cn/common.php
[ info ] [ LANG ] /Applications/XAMPP/xamppfiles/htdocs/thinkcmf/public/../app/portal/lang/zh-cn/common.php
[ info ] [ BEHAVIOR ] Run cmf\behavior\LangBehavior @app_begin [ RunTime:0.000541s ]
[ info ] [ LANG ] /Applications/XAMPP/xamppfiles/htdocs/thinkcmf/public/../app/admin/lang/zh-cn.php
[ info ] [ DB ] INIT mysql
[ info ] [ LANG ] /Applications/XAMPP/xamppfiles/htdocs/thinkcmf/public/../app/admin/lang/zh-cn/admin_menu.php
[ info ] [ LANG ] /Applications/XAMPP/xamppfiles/htdocs/thinkcmf/public/../app/admin/lang/zh-cn/admin.php
[ info ] [ LANG ] /Applications/XAMPP/xamppfiles/htdocs/thinkcmf/public/../app/user/lang/zh-cn/admin_menu.php
[ info ] [ LANG ] /Applications/XAMPP/xamppfiles/htdocs/thinkcmf/public/../data/lang/zh-cn/admin_menu.php
[ info ] [ BEHAVIOR ] Run cmf\behavior\AdminLangBehavior @admin_init [ RunTime:0.001111s ]
[ info ] [ SESSION ] INIT array (
  'id' => '',
  'var_session_id' => '',
  'prefix' => 'think',
  'type' => '',
  'auto_start' => true,
)
[ info ] [ RUN ] app\admin\controller\MainController->index[ /Applications/XAMPP/xamppfiles/htdocs/thinkcmf/app/admin/controller/MainController.php ]
[ info ] [ VIEW ] themes/admin_simpleboot3/admin/main/index.html [ array (
  0 => 'admin',
  1 => 'dashboard_widgets',
  2 => 'dashboard_widget_plugins',
  3 => 'has_smtp_setting',
) ]
[ info ] [ LOG ] INIT File
[ sql ] [ DB ] CONNECT:[ UseTime:0.094773s ] mysql:host=180.76.53.221;port=3306;dbname=xlcount-view;charset=utf8
[ sql ] [ SQL ] SHOW COLUMNS FROM `xlv_option` [ RunTime:0.070564s ]
[ sql ] [ SQL ] SELECT `option_value` FROM `xlv_option` WHERE  `option_name` = 'cdn_settings' LIMIT 1 [ RunTime:0.069763s ]
[ sql ] [ SQL ] SHOW COLUMNS FROM `xlv_user` [ RunTime:0.064078s ]
[ sql ] [ SQL ] SELECT * FROM `xlv_user` WHERE  `id` = 1 LIMIT 1 [ RunTime:0.066321s ]
[ sql ] [ SQL ] SELECT `option_value` FROM `xlv_option` WHERE  `option_name` = 'admin_dashboard_widgets' LIMIT 1 [ RunTime:0.064511s ]
[ sql ] [ SQL ] SELECT `option_value` FROM `xlv_option` WHERE  `option_name` = 'smtp_setting' LIMIT 1 [ RunTime:0.063336s ]
---------------------------------------------------------------
[ 2018-06-26T10:35:38+08:00 ] 0.0.0.0 GET /thinkcmf/public/data/data/consumable.html
[ info ] localhost/thinkcmf/public/data/data/consumable.html [运行时间：0.677786s][吞吐率：1.48req/s] [内存消耗：3,331.50kb] [文件加载：74]
[ info ] [ CACHE ] INIT File
[ info ] [ BEHAVIOR ] Run cmf\behavior\InitHookBehavior @app_init [ RunTime:0.001596s ]
[ info ] [ LANG ] /Applications/XAMPP/xamppfiles/htdocs/thinkcmf/simplewind/thinkphp/lang/zh-cn.php
[ info ] [ ROUTE ] array (
  'type' => 'module',
  'module' => 
  array (
    0 => 'data',
    1 => 'data',
    2 => 'consumable',
  ),
)
[ info ] [ HEADER ] array (
  'host' => 'localhost',
  'connection' => 'keep-alive',
  'upgrade-insecure-requests' => '1',
  'user-agent' => 'Mozilla/5.0 (Macintosh; Intel Mac OS X 10_13_3) AppleWebKit/537.36 (KHTML, like Gecko) Chrome/67.0.3396.87 Safari/537.36',
  'accept' => 'text/html,application/xhtml+xml,application/xml;q=0.9,image/webp,image/apng,*/*;q=0.8',
  'referer' => 'http://localhost/thinkcmf/public/',
  'accept-encoding' => 'gzip, deflate, br',
  'accept-language' => 'zh-CN,zh;q=0.9,en;q=0.8',
  'cookie' => 'thinkphp_show_page_trace=0|0; refersh_time=0; thinkphp_show_page_trace=0|0; pgv_pvi=2167111680; Phpstorm-8ce21e47=9c3c49c4-2858-4403-a419-407b5ad57a5f; Webstorm-82b282eb=cc7d2826-e9e1-4b4e-84a4-f75a24ed5591; Hm_lvt_f8d0a8c400404989e195270b0bbf060a=1524208149; admin_username=admin2356; PHPSESSID=2kas9vr9seabet9786lp432gd1; Hm_lvt_39dcd5bd05965dcfa70b1d2457c6dcae=1527662061,1529912498; Hm_lpvt_39dcd5bd05965dcfa70b1d2457c6dcae=1529980535',
)
[ info ] [ PARAM ] array (
)
[ info ] [ LANG ] /Applications/XAMPP/xamppfiles/htdocs/thinkcmf/public/../simplewind/cmf/lang/zh-cn.php
[ info ] [ LANG ] /Applications/XAMPP/xamppfiles/htdocs/thinkcmf/public/../app/admin/lang/zh-cn/common.php
[ info ] [ LANG ] /Applications/XAMPP/xamppfiles/htdocs/thinkcmf/public/../app/portal/lang/zh-cn/common.php
[ info ] [ BEHAVIOR ] Run cmf\behavior\LangBehavior @app_begin [ RunTime:0.000585s ]
[ info ] [ DB ] INIT mysql
[ info ] [ LANG ] /Applications/XAMPP/xamppfiles/htdocs/thinkcmf/public/../app/admin/lang/zh-cn/admin_menu.php
[ info ] [ LANG ] /Applications/XAMPP/xamppfiles/htdocs/thinkcmf/public/../app/admin/lang/zh-cn/admin.php
[ info ] [ LANG ] /Applications/XAMPP/xamppfiles/htdocs/thinkcmf/public/../app/user/lang/zh-cn/admin_menu.php
[ info ] [ LANG ] /Applications/XAMPP/xamppfiles/htdocs/thinkcmf/public/../data/lang/zh-cn/admin_menu.php
[ info ] [ BEHAVIOR ] Run cmf\behavior\AdminLangBehavior @admin_init [ RunTime:0.001083s ]
[ info ] [ SESSION ] INIT array (
  'id' => '',
  'var_session_id' => '',
  'prefix' => 'think',
  'type' => '',
  'auto_start' => true,
)
[ info ] [ RUN ] app\data\controller\DataController->consumable[ /Applications/XAMPP/xamppfiles/htdocs/thinkcmf/app/data/controller/DataController.php ]
[ info ] [ DB ] INIT mysql
[ info ] [ VIEW ] themes/admin_simpleboot3/data/data/consumable.html [ array (
  0 => 'admin',
  1 => 'data',
) ]
[ info ] [ LOG ] INIT File
[ sql ] [ DB ] CONNECT:[ UseTime:0.097300s ] mysql:host=180.76.53.221;port=3306;dbname=xlcount-view;charset=utf8
[ sql ] [ SQL ] SHOW COLUMNS FROM `xlv_option` [ RunTime:0.062838s ]
[ sql ] [ SQL ] SELECT `option_value` FROM `xlv_option` WHERE  `option_name` = 'cdn_settings' LIMIT 1 [ RunTime:0.065184s ]
[ sql ] [ SQL ] SHOW COLUMNS FROM `xlv_user` [ RunTime:0.061812s ]
[ sql ] [ SQL ] SELECT * FROM `xlv_user` WHERE  `id` = 1 LIMIT 1 [ RunTime:0.068866s ]
[ sql ] [ SQL ] SELECT `option_value` FROM `xlv_option` WHERE  `option_name` = 'admin_settings' LIMIT 1 [ RunTime:0.061297s ]
---------------------------------------------------------------
[ 2018-06-26T10:35:43+08:00 ] 0.0.0.0 GET /thinkcmf/public/data/data/guidance.html
[ info ] localhost/thinkcmf/public/data/data/guidance.html [运行时间：4.508385s][吞吐率：0.22req/s] [内存消耗：3,220.53kb] [文件加载：74]
[ info ] [ CACHE ] INIT File
[ info ] [ BEHAVIOR ] Run cmf\behavior\InitHookBehavior @app_init [ RunTime:0.001878s ]
[ info ] [ LANG ] /Applications/XAMPP/xamppfiles/htdocs/thinkcmf/simplewind/thinkphp/lang/zh-cn.php
[ info ] [ ROUTE ] array (
  'type' => 'module',
  'module' => 
  array (
    0 => 'data',
    1 => 'data',
    2 => 'guidance',
  ),
)
[ info ] [ HEADER ] array (
  'host' => 'localhost',
  'connection' => 'keep-alive',
  'upgrade-insecure-requests' => '1',
  'user-agent' => 'Mozilla/5.0 (Macintosh; Intel Mac OS X 10_13_3) AppleWebKit/537.36 (KHTML, like Gecko) Chrome/67.0.3396.87 Safari/537.36',
  'accept' => 'text/html,application/xhtml+xml,application/xml;q=0.9,image/webp,image/apng,*/*;q=0.8',
  'referer' => 'http://localhost/thinkcmf/public/',
  'accept-encoding' => 'gzip, deflate, br',
  'accept-language' => 'zh-CN,zh;q=0.9,en;q=0.8',
  'cookie' => 'thinkphp_show_page_trace=0|0; refersh_time=0; thinkphp_show_page_trace=0|0; pgv_pvi=2167111680; Phpstorm-8ce21e47=9c3c49c4-2858-4403-a419-407b5ad57a5f; Webstorm-82b282eb=cc7d2826-e9e1-4b4e-84a4-f75a24ed5591; Hm_lvt_f8d0a8c400404989e195270b0bbf060a=1524208149; admin_username=admin2356; PHPSESSID=2kas9vr9seabet9786lp432gd1; Hm_lvt_39dcd5bd05965dcfa70b1d2457c6dcae=1527662061,1529912498; Hm_lpvt_39dcd5bd05965dcfa70b1d2457c6dcae=1529980535',
)
[ info ] [ PARAM ] array (
)
[ info ] [ LANG ] /Applications/XAMPP/xamppfiles/htdocs/thinkcmf/public/../simplewind/cmf/lang/zh-cn.php
[ info ] [ LANG ] /Applications/XAMPP/xamppfiles/htdocs/thinkcmf/public/../app/admin/lang/zh-cn/common.php
[ info ] [ LANG ] /Applications/XAMPP/xamppfiles/htdocs/thinkcmf/public/../app/portal/lang/zh-cn/common.php
[ info ] [ BEHAVIOR ] Run cmf\behavior\LangBehavior @app_begin [ RunTime:0.000929s ]
[ info ] [ DB ] INIT mysql
[ info ] [ LANG ] /Applications/XAMPP/xamppfiles/htdocs/thinkcmf/public/../app/admin/lang/zh-cn/admin_menu.php
[ info ] [ LANG ] /Applications/XAMPP/xamppfiles/htdocs/thinkcmf/public/../app/admin/lang/zh-cn/admin.php
[ info ] [ LANG ] /Applications/XAMPP/xamppfiles/htdocs/thinkcmf/public/../app/user/lang/zh-cn/admin_menu.php
[ info ] [ LANG ] /Applications/XAMPP/xamppfiles/htdocs/thinkcmf/public/../data/lang/zh-cn/admin_menu.php
[ info ] [ BEHAVIOR ] Run cmf\behavior\AdminLangBehavior @admin_init [ RunTime:0.001398s ]
[ info ] [ SESSION ] INIT array (
  'id' => '',
  'var_session_id' => '',
  'prefix' => 'think',
  'type' => '',
  'auto_start' => true,
)
[ info ] [ RUN ] app\data\controller\DataController->guidance[ /Applications/XAMPP/xamppfiles/htdocs/thinkcmf/app/data/controller/DataController.php ]
[ info ] [ DB ] INIT mysql
[ info ] [ VIEW ] themes/admin_simpleboot3/data/data/guidance.html [ array (
  0 => 'admin',
  1 => 'data',
) ]
[ info ] [ LOG ] INIT File
[ sql ] [ DB ] CONNECT:[ UseTime:0.102294s ] mysql:host=180.76.53.221;port=3306;dbname=xlcount-view;charset=utf8
[ sql ] [ SQL ] SHOW COLUMNS FROM `xlv_option` [ RunTime:0.060802s ]
[ sql ] [ SQL ] SELECT `option_value` FROM `xlv_option` WHERE  `option_name` = 'cdn_settings' LIMIT 1 [ RunTime:0.063673s ]
[ sql ] [ SQL ] SHOW COLUMNS FROM `xlv_user` [ RunTime:1.055690s ]
[ sql ] [ SQL ] SELECT * FROM `xlv_user` WHERE  `id` = 1 LIMIT 1 [ RunTime:1.221828s ]
[ sql ] [ SQL ] SELECT `option_value` FROM `xlv_option` WHERE  `option_name` = 'admin_settings' LIMIT 1 [ RunTime:0.062284s ]
---------------------------------------------------------------
[ 2018-06-26T10:35:45+08:00 ] 0.0.0.0 GET /thinkcmf/public/data/data/mission.html
[ info ] localhost/thinkcmf/public/data/data/mission.html [运行时间：0.676775s][吞吐率：1.48req/s] [内存消耗：3,272.22kb] [文件加载：74]
[ info ] [ CACHE ] INIT File
[ info ] [ BEHAVIOR ] Run cmf\behavior\InitHookBehavior @app_init [ RunTime:0.001825s ]
[ info ] [ LANG ] /Applications/XAMPP/xamppfiles/htdocs/thinkcmf/simplewind/thinkphp/lang/zh-cn.php
[ info ] [ ROUTE ] array (
  'type' => 'module',
  'module' => 
  array (
    0 => 'data',
    1 => 'data',
    2 => 'mission',
  ),
)
[ info ] [ HEADER ] array (
  'host' => 'localhost',
  'connection' => 'keep-alive',
  'upgrade-insecure-requests' => '1',
  'user-agent' => 'Mozilla/5.0 (Macintosh; Intel Mac OS X 10_13_3) AppleWebKit/537.36 (KHTML, like Gecko) Chrome/67.0.3396.87 Safari/537.36',
  'accept' => 'text/html,application/xhtml+xml,application/xml;q=0.9,image/webp,image/apng,*/*;q=0.8',
  'referer' => 'http://localhost/thinkcmf/public/',
  'accept-encoding' => 'gzip, deflate, br',
  'accept-language' => 'zh-CN,zh;q=0.9,en;q=0.8',
  'cookie' => 'thinkphp_show_page_trace=0|0; refersh_time=0; thinkphp_show_page_trace=0|0; pgv_pvi=2167111680; Phpstorm-8ce21e47=9c3c49c4-2858-4403-a419-407b5ad57a5f; Webstorm-82b282eb=cc7d2826-e9e1-4b4e-84a4-f75a24ed5591; Hm_lvt_f8d0a8c400404989e195270b0bbf060a=1524208149; admin_username=admin2356; PHPSESSID=2kas9vr9seabet9786lp432gd1; Hm_lvt_39dcd5bd05965dcfa70b1d2457c6dcae=1527662061,1529912498; Hm_lpvt_39dcd5bd05965dcfa70b1d2457c6dcae=1529980535',
)
[ info ] [ PARAM ] array (
)
[ info ] [ LANG ] /Applications/XAMPP/xamppfiles/htdocs/thinkcmf/public/../simplewind/cmf/lang/zh-cn.php
[ info ] [ LANG ] /Applications/XAMPP/xamppfiles/htdocs/thinkcmf/public/../app/admin/lang/zh-cn/common.php
[ info ] [ LANG ] /Applications/XAMPP/xamppfiles/htdocs/thinkcmf/public/../app/portal/lang/zh-cn/common.php
[ info ] [ BEHAVIOR ] Run cmf\behavior\LangBehavior @app_begin [ RunTime:0.000696s ]
[ info ] [ DB ] INIT mysql
[ info ] [ LANG ] /Applications/XAMPP/xamppfiles/htdocs/thinkcmf/public/../app/admin/lang/zh-cn/admin_menu.php
[ info ] [ LANG ] /Applications/XAMPP/xamppfiles/htdocs/thinkcmf/public/../app/admin/lang/zh-cn/admin.php
[ info ] [ LANG ] /Applications/XAMPP/xamppfiles/htdocs/thinkcmf/public/../app/user/lang/zh-cn/admin_menu.php
[ info ] [ LANG ] /Applications/XAMPP/xamppfiles/htdocs/thinkcmf/public/../data/lang/zh-cn/admin_menu.php
[ info ] [ BEHAVIOR ] Run cmf\behavior\AdminLangBehavior @admin_init [ RunTime:0.001212s ]
[ info ] [ SESSION ] INIT array (
  'id' => '',
  'var_session_id' => '',
  'prefix' => 'think',
  'type' => '',
  'auto_start' => true,
)
[ info ] [ RUN ] app\data\controller\DataController->mission[ /Applications/XAMPP/xamppfiles/htdocs/thinkcmf/app/data/controller/DataController.php ]
[ info ] [ DB ] INIT mysql
[ info ] [ VIEW ] themes/admin_simpleboot3/data/data/mission.html [ array (
  0 => 'admin',
  1 => 'data',
) ]
[ info ] [ LOG ] INIT File
[ sql ] [ DB ] CONNECT:[ UseTime:0.094739s ] mysql:host=180.76.53.221;port=3306;dbname=xlcount-view;charset=utf8
[ sql ] [ SQL ] SHOW COLUMNS FROM `xlv_option` [ RunTime:0.060639s ]
[ sql ] [ SQL ] SELECT `option_value` FROM `xlv_option` WHERE  `option_name` = 'cdn_settings' LIMIT 1 [ RunTime:0.061058s ]
[ sql ] [ SQL ] SHOW COLUMNS FROM `xlv_user` [ RunTime:0.063610s ]
[ sql ] [ SQL ] SELECT * FROM `xlv_user` WHERE  `id` = 1 LIMIT 1 [ RunTime:0.060687s ]
[ sql ] [ SQL ] SELECT `option_value` FROM `xlv_option` WHERE  `option_name` = 'admin_settings' LIMIT 1 [ RunTime:0.071618s ]
---------------------------------------------------------------
[ 2018-06-26T10:35:46+08:00 ] 0.0.0.0 GET /thinkcmf/public/data/data/mission.html
[ info ] localhost/thinkcmf/public/data/data/mission.html [运行时间：0.718518s][吞吐率：1.39req/s] [内存消耗：3,272.22kb] [文件加载：74]
[ info ] [ CACHE ] INIT File
[ info ] [ BEHAVIOR ] Run cmf\behavior\InitHookBehavior @app_init [ RunTime:0.001517s ]
[ info ] [ LANG ] /Applications/XAMPP/xamppfiles/htdocs/thinkcmf/simplewind/thinkphp/lang/zh-cn.php
[ info ] [ ROUTE ] array (
  'type' => 'module',
  'module' => 
  array (
    0 => 'data',
    1 => 'data',
    2 => 'mission',
  ),
)
[ info ] [ HEADER ] array (
  'host' => 'localhost',
  'connection' => 'keep-alive',
  'upgrade-insecure-requests' => '1',
  'user-agent' => 'Mozilla/5.0 (Macintosh; Intel Mac OS X 10_13_3) AppleWebKit/537.36 (KHTML, like Gecko) Chrome/67.0.3396.87 Safari/537.36',
  'accept' => 'text/html,application/xhtml+xml,application/xml;q=0.9,image/webp,image/apng,*/*;q=0.8',
  'referer' => 'http://localhost/thinkcmf/public/',
  'accept-encoding' => 'gzip, deflate, br',
  'accept-language' => 'zh-CN,zh;q=0.9,en;q=0.8',
  'cookie' => 'thinkphp_show_page_trace=0|0; refersh_time=0; thinkphp_show_page_trace=0|0; pgv_pvi=2167111680; Phpstorm-8ce21e47=9c3c49c4-2858-4403-a419-407b5ad57a5f; Webstorm-82b282eb=cc7d2826-e9e1-4b4e-84a4-f75a24ed5591; Hm_lvt_f8d0a8c400404989e195270b0bbf060a=1524208149; admin_username=admin2356; PHPSESSID=2kas9vr9seabet9786lp432gd1; Hm_lvt_39dcd5bd05965dcfa70b1d2457c6dcae=1527662061,1529912498; Hm_lpvt_39dcd5bd05965dcfa70b1d2457c6dcae=1529980535',
)
[ info ] [ PARAM ] array (
)
[ info ] [ LANG ] /Applications/XAMPP/xamppfiles/htdocs/thinkcmf/public/../simplewind/cmf/lang/zh-cn.php
[ info ] [ LANG ] /Applications/XAMPP/xamppfiles/htdocs/thinkcmf/public/../app/admin/lang/zh-cn/common.php
[ info ] [ LANG ] /Applications/XAMPP/xamppfiles/htdocs/thinkcmf/public/../app/portal/lang/zh-cn/common.php
[ info ] [ BEHAVIOR ] Run cmf\behavior\LangBehavior @app_begin [ RunTime:0.000847s ]
[ info ] [ DB ] INIT mysql
[ info ] [ LANG ] /Applications/XAMPP/xamppfiles/htdocs/thinkcmf/public/../app/admin/lang/zh-cn/admin_menu.php
[ info ] [ LANG ] /Applications/XAMPP/xamppfiles/htdocs/thinkcmf/public/../app/admin/lang/zh-cn/admin.php
[ info ] [ LANG ] /Applications/XAMPP/xamppfiles/htdocs/thinkcmf/public/../app/user/lang/zh-cn/admin_menu.php
[ info ] [ LANG ] /Applications/XAMPP/xamppfiles/htdocs/thinkcmf/public/../data/lang/zh-cn/admin_menu.php
[ info ] [ BEHAVIOR ] Run cmf\behavior\AdminLangBehavior @admin_init [ RunTime:0.001079s ]
[ info ] [ SESSION ] INIT array (
  'id' => '',
  'var_session_id' => '',
  'prefix' => 'think',
  'type' => '',
  'auto_start' => true,
)
[ info ] [ RUN ] app\data\controller\DataController->mission[ /Applications/XAMPP/xamppfiles/htdocs/thinkcmf/app/data/controller/DataController.php ]
[ info ] [ DB ] INIT mysql
[ info ] [ VIEW ] themes/admin_simpleboot3/data/data/mission.html [ array (
  0 => 'admin',
  1 => 'data',
) ]
[ info ] [ LOG ] INIT File
[ sql ] [ DB ] CONNECT:[ UseTime:0.097068s ] mysql:host=180.76.53.221;port=3306;dbname=xlcount-view;charset=utf8
[ sql ] [ SQL ] SHOW COLUMNS FROM `xlv_option` [ RunTime:0.065333s ]
[ sql ] [ SQL ] SELECT `option_value` FROM `xlv_option` WHERE  `option_name` = 'cdn_settings' LIMIT 1 [ RunTime:0.081893s ]
[ sql ] [ SQL ] SHOW COLUMNS FROM `xlv_user` [ RunTime:0.069034s ]
[ sql ] [ SQL ] SELECT * FROM `xlv_user` WHERE  `id` = 1 LIMIT 1 [ RunTime:0.065887s ]
[ sql ] [ SQL ] SELECT `option_value` FROM `xlv_option` WHERE  `option_name` = 'admin_settings' LIMIT 1 [ RunTime:0.065976s ]
---------------------------------------------------------------
[ 2018-06-26T10:35:50+08:00 ] 0.0.0.0 GET /thinkcmf/public/data/data/consumable.html
[ info ] localhost/thinkcmf/public/data/data/consumable.html [运行时间：1.179250s][吞吐率：0.85req/s] [内存消耗：3,331.50kb] [文件加载：74]
[ info ] [ CACHE ] INIT File
[ info ] [ BEHAVIOR ] Run cmf\behavior\InitHookBehavior @app_init [ RunTime:0.001502s ]
[ info ] [ LANG ] /Applications/XAMPP/xamppfiles/htdocs/thinkcmf/simplewind/thinkphp/lang/zh-cn.php
[ info ] [ ROUTE ] array (
  'type' => 'module',
  'module' => 
  array (
    0 => 'data',
    1 => 'data',
    2 => 'consumable',
  ),
)
[ info ] [ HEADER ] array (
  'host' => 'localhost',
  'connection' => 'keep-alive',
  'upgrade-insecure-requests' => '1',
  'user-agent' => 'Mozilla/5.0 (Macintosh; Intel Mac OS X 10_13_3) AppleWebKit/537.36 (KHTML, like Gecko) Chrome/67.0.3396.87 Safari/537.36',
  'accept' => 'text/html,application/xhtml+xml,application/xml;q=0.9,image/webp,image/apng,*/*;q=0.8',
  'referer' => 'http://localhost/thinkcmf/public/',
  'accept-encoding' => 'gzip, deflate, br',
  'accept-language' => 'zh-CN,zh;q=0.9,en;q=0.8',
  'cookie' => 'thinkphp_show_page_trace=0|0; refersh_time=0; thinkphp_show_page_trace=0|0; pgv_pvi=2167111680; Phpstorm-8ce21e47=9c3c49c4-2858-4403-a419-407b5ad57a5f; Webstorm-82b282eb=cc7d2826-e9e1-4b4e-84a4-f75a24ed5591; Hm_lvt_f8d0a8c400404989e195270b0bbf060a=1524208149; admin_username=admin2356; PHPSESSID=2kas9vr9seabet9786lp432gd1; Hm_lvt_39dcd5bd05965dcfa70b1d2457c6dcae=1527662061,1529912498; Hm_lpvt_39dcd5bd05965dcfa70b1d2457c6dcae=1529980535',
)
[ info ] [ PARAM ] array (
)
[ info ] [ LANG ] /Applications/XAMPP/xamppfiles/htdocs/thinkcmf/public/../simplewind/cmf/lang/zh-cn.php
[ info ] [ LANG ] /Applications/XAMPP/xamppfiles/htdocs/thinkcmf/public/../app/admin/lang/zh-cn/common.php
[ info ] [ LANG ] /Applications/XAMPP/xamppfiles/htdocs/thinkcmf/public/../app/portal/lang/zh-cn/common.php
[ info ] [ BEHAVIOR ] Run cmf\behavior\LangBehavior @app_begin [ RunTime:0.000547s ]
[ info ] [ DB ] INIT mysql
[ info ] [ LANG ] /Applications/XAMPP/xamppfiles/htdocs/thinkcmf/public/../app/admin/lang/zh-cn/admin_menu.php
[ info ] [ LANG ] /Applications/XAMPP/xamppfiles/htdocs/thinkcmf/public/../app/admin/lang/zh-cn/admin.php
[ info ] [ LANG ] /Applications/XAMPP/xamppfiles/htdocs/thinkcmf/public/../app/user/lang/zh-cn/admin_menu.php
[ info ] [ LANG ] /Applications/XAMPP/xamppfiles/htdocs/thinkcmf/public/../data/lang/zh-cn/admin_menu.php
[ info ] [ BEHAVIOR ] Run cmf\behavior\AdminLangBehavior @admin_init [ RunTime:0.001074s ]
[ info ] [ SESSION ] INIT array (
  'id' => '',
  'var_session_id' => '',
  'prefix' => 'think',
  'type' => '',
  'auto_start' => true,
)
[ info ] [ RUN ] app\data\controller\DataController->consumable[ /Applications/XAMPP/xamppfiles/htdocs/thinkcmf/app/data/controller/DataController.php ]
[ info ] [ DB ] INIT mysql
[ info ] [ VIEW ] themes/admin_simpleboot3/data/data/consumable.html [ array (
  0 => 'admin',
  1 => 'data',
) ]
[ info ] [ LOG ] INIT File
[ sql ] [ DB ] CONNECT:[ UseTime:0.105798s ] mysql:host=180.76.53.221;port=3306;dbname=xlcount-view;charset=utf8
[ sql ] [ SQL ] SHOW COLUMNS FROM `xlv_option` [ RunTime:0.070500s ]
[ sql ] [ SQL ] SELECT `option_value` FROM `xlv_option` WHERE  `option_name` = 'cdn_settings' LIMIT 1 [ RunTime:0.068562s ]
[ sql ] [ SQL ] SHOW COLUMNS FROM `xlv_user` [ RunTime:0.069711s ]
[ sql ] [ SQL ] SELECT * FROM `xlv_user` WHERE  `id` = 1 LIMIT 1 [ RunTime:0.071136s ]
[ sql ] [ SQL ] SELECT `option_value` FROM `xlv_option` WHERE  `option_name` = 'admin_settings' LIMIT 1 [ RunTime:0.551524s ]
